2025-07-03 07:27:20,903 INFO:Diferencia en CMDC.H._PLATANAL - timestamp: 2025-06-01 07:27:00+00:00, columna: EPAS04LT1011.PV, Django: 890.7565, SQLServer: 890.756
2025-07-03 07:27:20,904 INFO:Diferencia en CMDC.H._PLATANAL - timestamp: 2025-06-01 07:27:00+00:00, columna: EPAS01PIT3021.PV, Django: 122.6389, SQLServer: 122.639
2025-07-03 07:27:20,905 INFO:Diferencia en CMDC.H._PLATANAL - timestamp: 2025-06-01 07:27:00+00:00, columna: EPAS02TIT3021.PV, Django: 41.48576, SQLServer: 41.4858
2025-07-03 07:27:20,909 INFO:Diferencia en CMDC.H._PLATANAL - timestamp: 2025-06-01 07:27:00+00:00, columna: EPAS02_MU01.P, Django: 32.17576, SQLServer: 32.1758
2025-07-03 07:27:20,912 INFO:Diferencia en CMDC.H._PLATANAL - timestamp: 2025-06-01 07:27:00+00:00, columna: EPAS02FIT2132.PV, Django: 5.427885, SQLServer: 5.42788
2025-07-03 07:27:20,916 INFO:Diferencia en CMDC.H._PLATANAL - timestamp: 2025-06-01 07:27:00+00:00, columna: EPAS02_MU01.Q, Django: -6.177442, SQLServer: -6.17744
2025-07-03 07:27:20,922 INFO:Diferencia en CMDC.H._PLATANAL - timestamp: 2025-06-01 07:27:00+00:00, columna: EPAS02LIT5241.PV, Django: 904.6763, SQLServer: 904.676
2025-07-03 07:27:20,923 INFO:Diferencia en CMDC.H._PLATANAL - timestamp: 2025-06-01 07:27:00+00:00, columna: EPAS02JIT2221.PV, Django: 31.57332, SQLServer: 31.5733
2025-07-03 07:27:20,925 INFO:Diferencia en CMDC.H._PLATANAL - timestamp: 2025-06-01 07:27:00+00:00, columna: EPAS05ZIT1111.PV, Django: -6.519409, SQLServer: -6.51941
2025-07-03 07:27:20,928 INFO:Diferencia en CMDC.H._PLATANAL - timestamp: 2025-06-01 07:27:00+00:00, columna: EPAS07LIT1031.PV, Django: 4244.867, SQLServer: 4244.87
2025-07-03 07:27:20,930 INFO:Diferencia en CMDC.H._PLATANAL - timestamp: 2025-06-01 07:27:00+00:00, columna: EPAS02_MU01.URS, Django: 13.79683, SQLServer: 13.7968
2025-07-03 07:27:20,930 INFO:Diferencia en CMDC.H._PLATANAL - timestamp: 2025-06-01 07:27:00+00:00, columna: EPAS05LIT1132.PV, Django: 1535.006, SQLServer: 1535.01
2025-07-03 07:27:20,935 INFO:Diferencia en CMDC.H._PLATANAL - timestamp: 2025-06-01 07:27:00+00:00, columna: EPAS01FIT5111.PV, Django: 409.4907, SQLServer: 409.491
2025-07-03 07:27:20,941 INFO:Diferencia en CMDC.H._PLATANAL - timestamp: 2025-06-01 07:27:00+00:00, columna: EPAS02PIT3021.PV, Django: 120.6019, SQLServer: 120.602
2025-07-03 07:27:20,942 INFO:Diferencia en CMDC.H._PLATANAL - timestamp: 2025-06-01 07:27:00+00:00, columna: EPAS01TIT3021.PV, Django: 35.99583, SQLServer: 35.9958
2025-07-03 07:27:20,944 INFO:Diferencia en CMDC.H._PLATANAL - timestamp: 2025-06-01 07:27:00+00:00, columna: EPAS01LIT5241.PV, Django: 904.6771, SQLServer: 904.677
2025-07-03 07:27:20,944 INFO:Diferencia en CMDC.H._PLATANAL - timestamp: 2025-06-01 07:27:00+00:00, columna: EPAS02FIT5111.PV, Django: 377.3148, SQLServer: 377.315
2025-07-03 07:27:20,945 INFO:Diferencia en CMDC.H._PLATANAL - timestamp: 2025-06-01 07:27:00+00:00, columna: EPAS02LIT5331.PV, Django: 899.9293, SQLServer: 899.929
2025-07-03 07:27:20,946 INFO:Diferencia en CMDC.H._PLATANAL - timestamp: 2025-06-01 07:27:00+00:00, columna: EPAS05ZIT1113.PV, Django: 1.122107, SQLServer: 1.12211
2025-07-03 07:27:20,948 INFO:Diferencia en CMDC.H._PLATANAL - timestamp: 2025-06-01 07:28:00+00:00, columna: EPAS02_MU01.Q, Django: -5.722661, SQLServer: -5.72266
2025-07-03 07:27:20,948 INFO:Diferencia en CMDC.H._PLATANAL - timestamp: 2025-06-01 07:28:00+00:00, columna: EPAS05ZIT1113.PV, Django: 1.122107, SQLServer: 1.12211
2025-07-03 07:27:20,949 INFO:Diferencia en CMDC.H._PLATANAL - timestamp: 2025-06-01 07:28:00+00:00, columna: EPAS02TIT5122.PV, Django: 49.833333333333336, SQLServer: 49.8333
2025-07-03 07:27:20,949 INFO:Diferencia en CMDC.H._PLATANAL - timestamp: 2025-06-01 07:28:00+00:00, columna: EPAS05LIT1131.PV, Django: 1535.124, SQLServer: 1535.12
2025-07-03 07:27:20,949 INFO:Diferencia en CMDC.H._PLATANAL - timestamp: 2025-06-01 07:28:00+00:00, columna: EPAS02LIT5241.PV, Django: 904.6801, SQLServer: 904.68
2025-07-03 07:27:20,950 INFO:Diferencia en CMDC.H._PLATANAL - timestamp: 2025-06-01 07:28:00+00:00, columna: EPAS02JIT2221.PV, Django: 31.34105, SQLServer: 31.341
2025-07-03 07:27:20,950 INFO:Diferencia en CMDC.H._PLATANAL - timestamp: 2025-06-01 07:28:00+00:00, columna: EPAS05ZIT1111.PV, Django: -6.519409, SQLServer: -6.51941
2025-07-03 07:27:20,953 INFO:Diferencia en CMDC.H._PLATANAL - timestamp: 2025-06-01 07:28:00+00:00, columna: EPAS01_MU01.P, Django: 110.6942, SQLServer: 110.694
2025-07-03 07:27:20,954 INFO:Diferencia en CMDC.H._PLATANAL - timestamp: 2025-06-01 07:28:00+00:00, columna: EPAS02_MU01.URS, Django: 13.80135, SQLServer: 13.8013
2025-07-03 07:27:20,955 INFO:Diferencia en CMDC.H._PLATANAL - timestamp: 2025-06-01 07:28:00+00:00, columna: EPAS05LIT1132.PV, Django: 1535.0095000000001, SQLServer: 1535.01
2025-07-03 07:27:20,956 INFO:Diferencia en CMDC.H._PLATANAL - timestamp: 2025-06-01 07:28:00+00:00, columna: EPAS01FIT5111.PV, Django: 409.4907, SQLServer: 409.491
2025-07-03 07:27:20,957 INFO:Diferencia en CMDC.H._PLATANAL - timestamp: 2025-06-01 07:28:00+00:00, columna: EPAS01LIT5331.PV, Django: 900.0642, SQLServer: 900.064
2025-07-03 07:27:20,957 INFO:Diferencia en CMDC.H._PLATANAL - timestamp: 2025-06-01 07:28:00+00:00, columna: EPAS02PIT3021.PV, Django: 120.8333, SQLServer: 120.833
2025-07-03 07:27:20,957 INFO:Diferencia en CMDC.H._PLATANAL - timestamp: 2025-06-01 07:28:00+00:00, columna: EPAS01TIT3021.PV, Django: 35.96754, SQLServer: 35.9675
2025-07-03 07:27:20,957 INFO:Diferencia en CMDC.H._PLATANAL - timestamp: 2025-06-01 07:28:00+00:00, columna: EPAS07LIT1031.PV, Django: 4244.867, SQLServer: 4244.87
2025-07-03 07:27:20,958 INFO:Diferencia en CMDC.H._PLATANAL - timestamp: 2025-06-01 07:28:00+00:00, columna: EPAS01LIT5241.PV, Django: 904.6736, SQLServer: 904.674
2025-07-03 07:27:20,958 INFO:Diferencia en CMDC.H._PLATANAL - timestamp: 2025-06-01 07:28:00+00:00, columna: EPAS02FIT5111.PV, Django: 376.6204, SQLServer: 376.62
2025-07-03 07:27:20,961 INFO:Diferencia en CMDC.H._PLATANAL - timestamp: 2025-06-01 07:28:00+00:00, columna: EPAS01_MU01.Q, Django: -2.231827, SQLServer: -2.23183
2025-07-03 07:27:20,961 INFO:Diferencia en CMDC.H._PLATANAL - timestamp: 2025-06-01 07:28:00+00:00, columna: EPAS04LT1011.PV, Django: 890.7565, SQLServer: 890.756
2025-07-03 07:27:20,961 INFO:Diferencia en CMDC.H._PLATANAL - timestamp: 2025-06-01 07:28:00+00:00, columna: EPAS01PIT3021.PV, Django: 122.6389, SQLServer: 122.639
2025-07-03 07:27:20,962 INFO:Diferencia en CMDC.H._PLATANAL - timestamp: 2025-06-01 07:28:00+00:00, columna: EPAS02TIT3021.PV, Django: 41.59896, SQLServer: 41.599
2025-07-03 07:27:20,962 INFO:Diferencia en CMDC.H._PLATANAL - timestamp: 2025-06-01 07:28:00+00:00, columna: EPAS05AIT1232.PV, Django: 0.02431326, SQLServer: 0.0243133
2025-07-03 07:27:20,963 INFO:Diferencia en CMDC.H._PLATANAL - timestamp: 2025-06-01 07:28:00+00:00, columna: EPAS05AIT1231.PV, Django: 0.01212261, SQLServer: 0.0121226
2025-07-03 07:27:20,964 INFO:Diferencia en CMDC.H._PLATANAL - timestamp: 2025-06-01 07:28:00+00:00, columna: EPAS02_MU01.P, Django: 31.98627, SQLServer: 31.9863
2025-07-03 07:27:20,966 INFO:Diferencia en CMDC.H._PLATANAL - timestamp: 2025-06-01 07:28:00+00:00, columna: EPAS02FIT2132.PV, Django: 5.435778, SQLServer: 5.43578
2025-07-03 07:27:20,967 INFO:Diferencia en CMDC.H._PLATANAL - timestamp: 2025-06-01 07:28:00+00:00, columna: EPAS01_MU01.URS, Django: 13.80566, SQLServer: 13.8057
2025-07-03 07:27:20,968 INFO:Diferencia en CMDC.H._PLATANAL - timestamp: 2025-06-01 07:29:00+00:00, columna: EPAS05LIT1131.PV, Django: 1535.1315, SQLServer: 1535.13
2025-07-03 07:27:20,968 INFO:Diferencia en CMDC.H._PLATANAL - timestamp: 2025-06-01 07:29:00+00:00, columna: EPAS02_MU01.URS, Django: 13.79683, SQLServer: 13.7968
2025-07-03 07:27:20,968 INFO:Diferencia en CMDC.H._PLATANAL - timestamp: 2025-06-01 07:29:00+00:00, columna: EPAS02TIT3021.PV, Django: 41.59896, SQLServer: 41.599
2025-07-03 07:27:20,970 INFO:Diferencia en CMDC.H._PLATANAL - timestamp: 2025-06-01 07:29:00+00:00, columna: EPAS01FIT5111.PV, Django: 408.5648, SQLServer: 408.565
2025-07-03 07:27:20,971 INFO:Diferencia en CMDC.H._PLATANAL - timestamp: 2025-06-01 07:29:00+00:00, columna: EPAS05ZIT1111.PV, Django: -6.448302999999999, SQLServer: -6.4483
2025-07-03 07:27:20,972 INFO:Diferencia en CMDC.H._PLATANAL - timestamp: 2025-06-01 07:29:00+00:00, columna: EPAS02PIT3021.PV, Django: 121.0185, SQLServer: 121.019
2025-07-03 07:27:20,972 INFO:Diferencia en CMDC.H._PLATANAL - timestamp: 2025-06-01 07:29:00+00:00, columna: EPAS01TIT3021.PV, Django: 36.10903, SQLServer: 36.109
2025-07-03 07:27:20,972 INFO:Diferencia en CMDC.H._PLATANAL - timestamp: 2025-06-01 07:29:00+00:00, columna: EPAS07LIT1031.PV, Django: 4244.867, SQLServer: 4244.87
2025-07-03 07:27:20,972 INFO:Diferencia en CMDC.H._PLATANAL - timestamp: 2025-06-01 07:29:00+00:00, columna: EPAS01LIT5241.PV, Django: 904.6772, SQLServer: 904.677
2025-07-03 07:27:20,972 INFO:Diferencia en CMDC.H._PLATANAL - timestamp: 2025-06-01 07:29:00+00:00, columna: EPAS02LIT5331.PV, Django: 899.9333, SQLServer: 899.933
2025-07-03 07:27:20,973 INFO:Diferencia en CMDC.H._PLATANAL - timestamp: 2025-06-01 07:29:00+00:00, columna: EPAS05LIT1132.PV, Django: 1535.013, SQLServer: 1535.01
2025-07-03 07:27:20,974 INFO:Diferencia en CMDC.H._PLATANAL - timestamp: 2025-06-01 07:29:00+00:00, columna: EPAS04LT1011.PV, Django: 890.7526, SQLServer: 890.753
2025-07-03 07:27:20,974 INFO:Diferencia en CMDC.H._PLATANAL - timestamp: 2025-06-01 07:29:00+00:00, columna: EPAS02FIT5111.PV, Django: 376.50464999999997, SQLServer: 376.505
2025-07-03 07:27:20,974 INFO:Diferencia en CMDC.H._PLATANAL - timestamp: 2025-06-01 07:29:00+00:00, columna: EPAS01PIT3021.PV, Django: 122.8704, SQLServer: 122.87
2025-07-03 07:27:20,975 INFO:Diferencia en CMDC.H._PLATANAL - timestamp: 2025-06-01 07:29:00+00:00, columna: EPAS05AIT1232.PV, Django: 0.02221555, SQLServer: 0.0222156
2025-07-03 07:27:20,976 INFO:Diferencia en CMDC.H._PLATANAL - timestamp: 2025-06-01 07:29:00+00:00, columna: EPAS05AIT1231.PV, Django: 0.01071698, SQLServer: 0.010717
2025-07-03 07:27:20,976 INFO:Diferencia en CMDC.H._PLATANAL - timestamp: 2025-06-01 07:29:00+00:00, columna: EPAS02_MU01.P, Django: 32.47894, SQLServer: 32.4789
2025-07-03 07:27:20,977 INFO:Diferencia en CMDC.H._PLATANAL - timestamp: 2025-06-01 07:29:00+00:00, columna: EPAS05ZIT1113.PV, Django: 1.122107, SQLServer: 1.12211
2025-07-03 07:27:20,978 INFO:Diferencia en CMDC.H._PLATANAL - timestamp: 2025-06-01 07:29:00+00:00, columna: EPAS02FIT2132.PV, Django: 5.565509, SQLServer: 5.56551
2025-07-03 07:27:20,978 INFO:Diferencia en CMDC.H._PLATANAL - timestamp: 2025-06-01 07:29:00+00:00, columna: EPAS01_MU01.URS, Django: 13.80826, SQLServer: 13.8083
2025-07-03 07:27:20,978 INFO:Diferencia en CMDC.H._PLATANAL - timestamp: 2025-06-01 07:29:00+00:00, columna: EPAS01JIT2221.PV, Django: 111.8965, SQLServer: 111.897
2025-07-03 07:27:20,979 INFO:Diferencia en CMDC.H._PLATANAL - timestamp: 2025-06-01 07:29:00+00:00, columna: EPAS02_MU01.Q, Django: -5.684763, SQLServer: -5.68476
2025-07-03 07:27:20,980 INFO:Diferencia en CMDC.H._PLATANAL - timestamp: 2025-06-01 07:29:00+00:00, columna: EPAS02TIT5122.PV, Django: 49.666666666666664, SQLServer: 49.6667
2025-07-03 07:27:20,980 INFO:Diferencia en CMDC.H._PLATANAL - timestamp: 2025-06-01 07:29:00+00:00, columna: EPAS02LIT5241.PV, Django: 904.6769, SQLServer: 904.677
2025-07-03 07:27:20,980 INFO:Diferencia en CMDC.H._PLATANAL - timestamp: 2025-06-01 07:29:00+00:00, columna: EPAS02JIT2221.PV, Django: 31.72602, SQLServer: 31.726
2025-07-03 07:27:20,981 INFO:Diferencia en CMDC.H._PLATANAL - timestamp: 2025-06-01 07:29:00+00:00, columna: EPAS05ZIT1112.PV, Django: -0.03857421758, SQLServer: -0.0385742
2025-07-03 07:27:20,981 INFO:Diferencia en CMDC.H._PLATANAL - timestamp: 2025-06-01 07:29:00+00:00, columna: EPAS01_MU01.P, Django: 112.6635, SQLServer: 112.664
2025-07-03 07:27:20,982 INFO:Diferencia en CMDC.H._PLATANAL - timestamp: 2025-06-01 07:30:00+00:00, columna: EPAS01LIT5241.PV, Django: 904.6769, SQLServer: 904.677
2025-07-03 07:27:20,984 INFO:Diferencia en CMDC.H._PLATANAL - timestamp: 2025-06-01 07:30:00+00:00, columna: EPAS02LIT5331.PV, Django: 899.9312, SQLServer: 899.931
2025-07-03 07:27:20,985 INFO:Diferencia en CMDC.H._PLATANAL - timestamp: 2025-06-01 07:30:00+00:00, columna: EPAS01_MU01.Q, Django: -2.735082, SQLServer: -2.73508
2025-07-03 07:27:20,985 INFO:Diferencia en CMDC.H._PLATANAL - timestamp: 2025-06-01 07:30:00+00:00, columna: EPAS04LT1011.PV, Django: 890.7565, SQLServer: 890.756
2025-07-03 07:27:20,985 INFO:Diferencia en CMDC.H._PLATANAL - timestamp: 2025-06-01 07:30:00+00:00, columna: EPAS01PIT3021.PV, Django: 122.3148, SQLServer: 122.315
2025-07-03 07:27:20,988 INFO:Diferencia en CMDC.H._PLATANAL - timestamp: 2025-06-01 07:30:00+00:00, columna: EPAS05AIT1232.PV, Django: 0.02134852, SQLServer: 0.0213485
2025-07-03 07:27:20,988 INFO:Diferencia en CMDC.H._PLATANAL - timestamp: 2025-06-01 07:30:00+00:00, columna: EPAS02FIT5111.PV, Django: 376.3889, SQLServer: 376.389
2025-07-03 07:27:20,989 INFO:Diferencia en CMDC.H._PLATANAL - timestamp: 2025-06-01 07:30:00+00:00, columna: EPAS05AIT1231.PV, Django: 0.01054186, SQLServer: 0.0105419
2025-07-03 07:27:20,990 INFO:Diferencia en CMDC.H._PLATANAL - timestamp: 2025-06-01 07:30:00+00:00, columna: EPAS02_MU01.P, Django: 32.97162, SQLServer: 32.9716
2025-07-03 07:27:20,990 INFO:Diferencia en CMDC.H._PLATANAL - timestamp: 2025-06-01 07:30:00+00:00, columna: EPAS01TIT51114.PV, Django: 50.166666666666664, SQLServer: 50.1667
2025-07-03 07:27:20,990 INFO:Diferencia en CMDC.H._PLATANAL - timestamp: 2025-06-01 07:30:00+00:00, columna: EPAS05ZIT1113.PV, Django: 1.122107, SQLServer: 1.12211
2025-07-03 07:27:20,991 INFO:Diferencia en CMDC.H._PLATANAL - timestamp: 2025-06-01 07:30:00+00:00, columna: EPAS02FIT2132.PV, Django: 5.654969, SQLServer: 5.65497
2025-07-03 07:27:20,991 INFO:Diferencia en CMDC.H._PLATANAL - timestamp: 2025-06-01 07:30:00+00:00, columna: EPAS01_MU01.URS, Django: 13.82649, SQLServer: 13.8265
2025-07-03 07:27:20,992 INFO:Diferencia en CMDC.H._PLATANAL - timestamp: 2025-06-01 07:30:00+00:00, columna: EPAS02TIT3021.PV, Django: 41.59896, SQLServer: 41.599
2025-07-03 07:27:20,992 INFO:Diferencia en CMDC.H._PLATANAL - timestamp: 2025-06-01 07:30:00+00:00, columna: EPAS02_MU01.Q, Django: -6.291138, SQLServer: -6.29114
2025-07-03 07:27:20,993 INFO:Diferencia en CMDC.H._PLATANAL - timestamp: 2025-06-01 07:30:00+00:00, columna: EPAS02LIT5241.PV, Django: 904.6766, SQLServer: 904.677
2025-07-03 07:27:20,993 INFO:Diferencia en CMDC.H._PLATANAL - timestamp: 2025-06-01 07:30:00+00:00, columna: EPAS02JIT2221.PV, Django: 32.26945, SQLServer: 32.2694
2025-07-03 07:27:20,994 INFO:Diferencia en CMDC.H._PLATANAL - timestamp: 2025-06-01 07:30:00+00:00, columna: EPAS01_MU01.P, Django: 111.0224, SQLServer: 111.022
2025-07-03 07:27:20,995 INFO:Diferencia en CMDC.H._PLATANAL - timestamp: 2025-06-01 07:30:00+00:00, columna: EPAS02_MU01.URS, Django: 13.80135, SQLServer: 13.8013
2025-07-03 07:27:20,995 INFO:Diferencia en CMDC.H._PLATANAL - timestamp: 2025-06-01 07:30:00+00:00, columna: EPAS01FIT5111.PV, Django: 409.0278, SQLServer: 409.028
2025-07-03 07:27:20,995 INFO:Diferencia en CMDC.H._PLATANAL - timestamp: 2025-06-01 07:30:00+00:00, columna: EPAS05ZIT1112.PV, Django: -6.103516e-05, SQLServer: -6.10352e-05
2025-07-03 07:27:20,996 INFO:Diferencia en CMDC.H._PLATANAL - timestamp: 2025-06-01 07:30:00+00:00, columna: EPAS05LIT1131.PV, Django: 1535.139, SQLServer: 1535.14
2025-07-03 07:27:20,998 INFO:Diferencia en CMDC.H._PLATANAL - timestamp: 2025-06-01 07:30:00+00:00, columna: EPAS05ZIT1111.PV, Django: -6.377197, SQLServer: -6.3772
2025-07-03 07:27:20,998 INFO:Diferencia en CMDC.H._PLATANAL - timestamp: 2025-06-01 07:30:00+00:00, columna: EPAS01LIT5331.PV, Django: 900.0653, SQLServer: 900.065
2025-07-03 07:27:20,999 INFO:Diferencia en CMDC.H._PLATANAL - timestamp: 2025-06-01 07:30:00+00:00, columna: EPAS02PIT3021.PV, Django: 120.3241, SQLServer: 120.324
2025-07-03 07:27:20,999 INFO:Diferencia en CMDC.H._PLATANAL - timestamp: 2025-06-01 07:30:00+00:00, columna: EPAS01TIT3021.PV, Django: 36.08073, SQLServer: 36.0807
2025-07-03 07:27:20,999 INFO:Diferencia en CMDC.H._PLATANAL - timestamp: 2025-06-01 07:30:00+00:00, columna: EPAS07LIT1031.PV, Django: 4244.867, SQLServer: 4244.87
2025-07-03 07:27:20,999 INFO:Diferencia en CMDC.H._PLATANAL - timestamp: 2025-06-01 07:31:00+00:00, columna: EPAS02FIT5111.PV, Django: 376.8518, SQLServer: 376.852
2025-07-03 07:27:21,000 INFO:Diferencia en CMDC.H._PLATANAL - timestamp: 2025-06-01 07:31:00+00:00, columna: EPAS05AIT1231.PV, Django: 0.01040813, SQLServer: 0.0104081
2025-07-03 07:27:21,000 INFO:Diferencia en CMDC.H._PLATANAL - timestamp: 2025-06-01 07:31:00+00:00, columna: EPAS01_MU01.Q, Django: -2.8663654999999997, SQLServer: -2.86637
2025-07-03 07:27:21,000 INFO:Diferencia en CMDC.H._PLATANAL - timestamp: 2025-06-01 07:31:00+00:00, columna: EPAS02_MU01.P, Django: 27.89324, SQLServer: 27.8932
2025-07-03 07:27:21,001 INFO:Diferencia en CMDC.H._PLATANAL - timestamp: 2025-06-01 07:31:00+00:00, columna: EPAS01TIT51114.PV, Django: 50.333333333333336, SQLServer: 50.3333
2025-07-03 07:27:21,001 INFO:Diferencia en CMDC.H._PLATANAL - timestamp: 2025-06-01 07:31:00+00:00, columna: EPAS05LIT1132.PV, Django: 1535.027, SQLServer: 1535.03
2025-07-03 07:27:21,002 INFO:Diferencia en CMDC.H._PLATANAL - timestamp: 2025-06-01 07:31:00+00:00, columna: EPAS05ZIT1113.PV, Django: 1.122107, SQLServer: 1.12211
2025-07-03 07:27:21,002 INFO:Diferencia en CMDC.H._PLATANAL - timestamp: 2025-06-01 07:31:00+00:00, columna: EPAS02FIT2132.PV, Django: 4.799024, SQLServer: 4.79902
2025-07-03 07:27:21,003 INFO:Diferencia en CMDC.H._PLATANAL - timestamp: 2025-06-01 07:31:00+00:00, columna: EPAS01LIT5331.PV, Django: 900.06535, SQLServer: 900.065
2025-07-03 07:27:21,003 INFO:Diferencia en CMDC.H._PLATANAL - timestamp: 2025-06-01 07:31:00+00:00, columna: EPAS02TIT3021.PV, Django: 41.48576, SQLServer: 41.4858
2025-07-03 07:27:21,004 INFO:Diferencia en CMDC.H._PLATANAL - timestamp: 2025-06-01 07:31:00+00:00, columna: EPAS01LIT5241.PV, Django: 904.6768500000001, SQLServer: 904.677
2025-07-03 07:27:21,004 INFO:Diferencia en CMDC.H._PLATANAL - timestamp: 2025-06-01 07:31:00+00:00, columna: EPAS02_MU01.Q, Django: -5.684763, SQLServer: -5.68476
2025-07-03 07:27:21,004 INFO:Diferencia en CMDC.H._PLATANAL - timestamp: 2025-06-01 07:31:00+00:00, columna: EPAS02TIT5122.PV, Django: 49.333333333333336, SQLServer: 49.3333
2025-07-03 07:27:21,004 INFO:Diferencia en CMDC.H._PLATANAL - timestamp: 2025-06-01 07:31:00+00:00, columna: EPAS07LIT1031.PV, Django: 4244.867, SQLServer: 4244.87
2025-07-03 07:27:21,006 INFO:Diferencia en CMDC.H._PLATANAL - timestamp: 2025-06-01 07:31:00+00:00, columna: EPAS02LIT5241.PV, Django: 904.6768, SQLServer: 904.677
2025-07-03 07:27:21,007 INFO:Diferencia en CMDC.H._PLATANAL - timestamp: 2025-06-01 07:31:00+00:00, columna: EPAS01TIT3021.PV, Django: 36.109030000000004, SQLServer: 36.109
2025-07-03 07:27:21,008 INFO:Diferencia en CMDC.H._PLATANAL - timestamp: 2025-06-01 07:31:00+00:00, columna: EPAS01FIT5111.PV, Django: 409.9537, SQLServer: 409.954
2025-07-03 07:27:21,009 INFO:Diferencia en CMDC.H._PLATANAL - timestamp: 2025-06-01 07:31:00+00:00, columna: EPAS01_MU01.P, Django: 111.3944, SQLServer: 111.394
2025-07-03 07:27:21,011 INFO:Diferencia en CMDC.H._PLATANAL - timestamp: 2025-06-01 07:31:00+00:00, columna: EPAS05ZIT1111.PV, Django: -6.519409, SQLServer: -6.51941
2025-07-03 07:27:21,012 INFO:Diferencia en CMDC.H._PLATANAL - timestamp: 2025-06-01 07:31:00+00:00, columna: EPAS02PIT3021.PV, Django: 120.3704, SQLServer: 120.37
2025-07-03 07:27:21,013 INFO:Diferencia en CMDC.H._PLATANAL - timestamp: 2025-06-01 07:31:00+00:00, columna: EPAS01_MU01.URS, Django: 13.816075, SQLServer: 13.8161
2025-07-03 07:27:21,013 INFO:Diferencia en CMDC.H._PLATANAL - timestamp: 2025-06-01 07:31:00+00:00, columna: EPAS02LIT5331.PV, Django: 899.9352, SQLServer: 899.935
2025-07-03 07:27:21,013 INFO:Diferencia en CMDC.H._PLATANAL - timestamp: 2025-06-01 07:31:00+00:00, columna: EPAS05LIT1131.PV, Django: 1535.1413333333333, SQLServer: 1535.14
2025-07-03 07:27:21,014 INFO:Diferencia en CMDC.H._PLATANAL - timestamp: 2025-06-01 07:31:00+00:00, columna: EPAS01TIT51122.PV, Django: 33.13333333333333, SQLServer: 33.1333
2025-07-03 07:27:21,014 INFO:Diferencia en CMDC.H._PLATANAL - timestamp: 2025-06-01 07:31:00+00:00, columna: EPAS01JIT2221.PV, Django: 110.57900000000001, SQLServer: 110.579
2025-07-03 07:27:21,014 INFO:Diferencia en CMDC.H._PLATANAL - timestamp: 2025-06-01 07:31:00+00:00, columna: EPAS01TIT1121.PV, Django: 51.650000000000006, SQLServer: 51.65
2025-07-03 07:27:21,015 INFO:Diferencia en CMDC.H._PLATANAL - timestamp: 2025-06-01 07:31:00+00:00, columna: EPAS04LT1011.PV, Django: 890.7526, SQLServer: 890.753
2025-07-03 07:27:21,015 INFO:Diferencia en CMDC.H._PLATANAL - timestamp: 2025-06-01 07:31:00+00:00, columna: EPAS01PIT3021.PV, Django: 122.3148, SQLServer: 122.315
2025-07-03 07:27:21,017 INFO:Diferencia en CMDC.H._PLATANAL - timestamp: 2025-06-01 07:31:00+00:00, columna: EPAS05AIT1232.PV, Django: 0.02194102, SQLServer: 0.021941
2025-07-03 07:27:21,017 INFO:Diferencia en CMDC.H._PLATANAL - timestamp: 2025-06-01 07:32:00+00:00, columna: EPAS02TIT5122.PV, Django: 49.166666666666664, SQLServer: 49.1667
2025-07-03 07:27:21,017 INFO:Diferencia en CMDC.H._PLATANAL - timestamp: 2025-06-01 07:32:00+00:00, columna: EPAS07LIT1031.PV, Django: 4244.867, SQLServer: 4244.87
2025-07-03 07:27:21,018 INFO:Diferencia en CMDC.H._PLATANAL - timestamp: 2025-06-01 07:32:00+00:00, columna: EPAS02JIT2221.PV, Django: 27.01186, SQLServer: 27.0119
2025-07-03 07:27:21,018 INFO:Diferencia en CMDC.H._PLATANAL - timestamp: 2025-06-01 07:32:00+00:00, columna: EPAS01_MU01.URS, Django: 13.80566, SQLServer: 13.8057
2025-07-03 07:27:21,019 INFO:Diferencia en CMDC.H._PLATANAL - timestamp: 2025-06-01 07:32:00+00:00, columna: EPAS01TIT51113.PV, Django: 52.166666666666664, SQLServer: 52.1667
2025-07-03 07:27:21,019 INFO:Diferencia en CMDC.H._PLATANAL - timestamp: 2025-06-01 07:32:00+00:00, columna: EPAS02_MU01.URS, Django: 13.81939, SQLServer: 13.8194
2025-07-03 07:27:21,020 INFO:Diferencia en CMDC.H._PLATANAL - timestamp: 2025-06-01 07:32:00+00:00, columna: EPAS01FIT5111.PV, Django: 407.8704, SQLServer: 407.87
2025-07-03 07:27:21,021 INFO:Diferencia en CMDC.H._PLATANAL - timestamp: 2025-06-01 07:32:00+00:00, columna: 00666, Django: 27.04939, SQLServer: 27.0494
2025-07-03 07:27:21,021 INFO:Diferencia en CMDC.H._PLATANAL - timestamp: 2025-06-01 07:32:00+00:00, columna: EPAS05ZIT1111.PV, Django: -6.519409, SQLServer: -6.51941
2025-07-03 07:27:21,022 INFO:Diferencia en CMDC.H._PLATANAL - timestamp: 2025-06-01 07:32:00+00:00, columna: EPAS02PIT3021.PV, Django: 120.4167, SQLServer: 120.417
2025-07-03 07:27:21,022 INFO:Diferencia en CMDC.H._PLATANAL - timestamp: 2025-06-01 07:32:00+00:00, columna: EPAS01_MU01.P, Django: 111.7664, SQLServer: 111.766
2025-07-03 07:27:21,023 INFO:Diferencia en CMDC.H._PLATANAL - timestamp: 2025-06-01 07:32:00+00:00, columna: EPAS02LIT5331.PV, Django: 899.9275, SQLServer: 899.928
2025-07-03 07:27:21,023 INFO:Diferencia en CMDC.H._PLATANAL - timestamp: 2025-06-01 07:32:00+00:00, columna: EPAS05LIT1131.PV, Django: 1535.1436666666666, SQLServer: 1535.14
2025-07-03 07:27:21,023 INFO:Diferencia en CMDC.H._PLATANAL - timestamp: 2025-06-01 07:32:00+00:00, columna: EPAS01TIT51124.PV, Django: 35.07142857142857, SQLServer: 35.0714
2025-07-03 07:27:21,023 INFO:Diferencia en CMDC.H._PLATANAL - timestamp: 2025-06-01 07:32:00+00:00, columna: EPAS01TIT51122.PV, Django: 33.266666666666666, SQLServer: 33.2667
2025-07-03 07:27:21,024 INFO:Diferencia en CMDC.H._PLATANAL - timestamp: 2025-06-01 07:32:00+00:00, columna: EPAS04LT1011.PV, Django: 890.7486, SQLServer: 890.749
2025-07-03 07:27:21,024 INFO:Diferencia en CMDC.H._PLATANAL - timestamp: 2025-06-01 07:32:00+00:00, columna: EPAS01PIT3021.PV, Django: 122.7315, SQLServer: 122.732
2025-07-03 07:27:21,024 INFO:Diferencia en CMDC.H._PLATANAL - timestamp: 2025-06-01 07:32:00+00:00, columna: EPAS02TIT51213.PV, Django: 49.666666666666664, SQLServer: 49.6667
2025-07-03 07:27:21,025 INFO:Diferencia en CMDC.H._PLATANAL - timestamp: 2025-06-01 07:32:00+00:00, columna: EPAS05AIT1232.PV, Django: 0.02136527, SQLServer: 0.0213653
2025-07-03 07:27:21,025 INFO:Diferencia en CMDC.H._PLATANAL - timestamp: 2025-06-01 07:32:00+00:00, columna: EPAS01LIT5331.PV, Django: 900.0654, SQLServer: 900.065
2025-07-03 07:27:21,025 INFO:Diferencia en CMDC.H._PLATANAL - timestamp: 2025-06-01 07:32:00+00:00, columna: EPAS01TIT3021.PV, Django: 36.13733, SQLServer: 36.1373
2025-07-03 07:27:21,026 INFO:Diferencia en CMDC.H._PLATANAL - timestamp: 2025-06-01 07:32:00+00:00, columna: EPAS01TIT5128.PV, Django: 71.33333333333333, SQLServer: 71.3333
2025-07-03 07:27:21,026 INFO:Diferencia en CMDC.H._PLATANAL - timestamp: 2025-06-01 07:32:00+00:00, columna: EPAS01LIT5241.PV, Django: 904.6768, SQLServer: 904.677
2025-07-03 07:27:21,026 INFO:Diferencia en CMDC.H._PLATANAL - timestamp: 2025-06-01 07:32:00+00:00, columna: EPAS02FIT5111.PV, Django: 375.9259, SQLServer: 375.926
2025-07-03 07:27:21,026 INFO:Diferencia en CMDC.H._PLATANAL - timestamp: 2025-06-01 07:32:00+00:00, columna: EPAS05AIT1231.PV, Django: 0.009981601, SQLServer: 0.0099816
2025-07-03 07:27:21,027 INFO:Diferencia en CMDC.H._PLATANAL - timestamp: 2025-06-01 07:32:00+00:00, columna: EPAS02_MU01.P, Django: 27.66584, SQLServer: 27.6658
2025-07-03 07:27:21,028 INFO:Diferencia en CMDC.H._PLATANAL - timestamp: 2025-06-01 07:32:00+00:00, columna: EPAS05LIT1132.PV, Django: 1535.0316666666668, SQLServer: 1535.03
2025-07-03 07:27:21,028 INFO:Diferencia en CMDC.H._PLATANAL - timestamp: 2025-06-01 07:32:00+00:00, columna: EPAS05ZIT1113.PV, Django: 1.122107, SQLServer: 1.12211
2025-07-03 07:27:21,028 INFO:Diferencia en CMDC.H._PLATANAL - timestamp: 2025-06-01 07:32:00+00:00, columna: EPAS02FIT2132.PV, Django: 4.724938, SQLServer: 4.72494
2025-07-03 07:27:21,030 INFO:Diferencia en CMDC.H._PLATANAL - timestamp: 2025-06-01 07:32:00+00:00, columna: EPAS01_MU01.Q, Django: -2.997649, SQLServer: -2.99765
2025-07-03 07:27:21,031 INFO:Diferencia en CMDC.H._PLATANAL - timestamp: 2025-06-01 07:32:00+00:00, columna: EPAS02TIT3021.PV, Django: 41.57066, SQLServer: 41.5707
2025-07-03 07:27:21,031 INFO:Diferencia en CMDC.H._PLATANAL - timestamp: 2025-06-01 07:32:00+00:00, columna: EPAS02_MU01.Q, Django: -6.253239, SQLServer: -6.25324
2025-07-03 07:27:21,031 INFO:Diferencia en CMDC.H._PLATANAL - timestamp: 2025-06-01 07:33:00+00:00, columna: EPAS01FIT5111.PV, Django: 409.4907, SQLServer: 409.491
2025-07-03 07:27:21,032 INFO:Diferencia en CMDC.H._PLATANAL - timestamp: 2025-06-01 07:33:00+00:00, columna: 00666, Django: 23.30375, SQLServer: 23.3038
2025-07-03 07:27:21,032 INFO:Diferencia en CMDC.H._PLATANAL - timestamp: 2025-06-01 07:33:00+00:00, columna: EPAS05ZIT1111.PV, Django: -6.519409, SQLServer: -6.51941
2025-07-03 07:27:21,033 INFO:Diferencia en CMDC.H._PLATANAL - timestamp: 2025-06-01 07:33:00+00:00, columna: EPAS01_MU01.P, Django: 110.3879, SQLServer: 110.388
2025-07-03 07:27:21,034 INFO:Diferencia en CMDC.H._PLATANAL - timestamp: 2025-06-01 07:33:00+00:00, columna: EPAS02LIT5331.PV, Django: 899.9293, SQLServer: 899.929
2025-07-03 07:27:21,034 INFO:Diferencia en CMDC.H._PLATANAL - timestamp: 2025-06-01 07:33:00+00:00, columna: EPAS02FIT5111.PV, Django: 376.1574, SQLServer: 376.157
2025-07-03 07:27:21,035 INFO:Diferencia en CMDC.H._PLATANAL - timestamp: 2025-06-01 07:33:00+00:00, columna: EPAS01TIT51124.PV, Django: 35.142857142857146, SQLServer: 35.1429
2025-07-03 07:27:21,035 INFO:Diferencia en CMDC.H._PLATANAL - timestamp: 2025-06-01 07:33:00+00:00, columna: EPAS04LT1011.PV, Django: 890.7427, SQLServer: 890.743
2025-07-03 07:27:21,036 INFO:Diferencia en CMDC.H._PLATANAL - timestamp: 2025-06-01 07:33:00+00:00, columna: EPAS01PIT3021.PV, Django: 121.8519, SQLServer: 121.852
2025-07-03 07:27:21,036 INFO:Diferencia en CMDC.H._PLATANAL - timestamp: 2025-06-01 07:33:00+00:00, columna: EPAS02TIT51213.PV, Django: 49.333333333333336, SQLServer: 49.3333
2025-07-03 07:27:21,037 INFO:Diferencia en CMDC.H._PLATANAL - timestamp: 2025-06-01 07:33:00+00:00, columna: EPAS05AIT1232.PV, Django: 0.02091535, SQLServer: 0.0209153
2025-07-03 07:27:21,037 INFO:Diferencia en CMDC.H._PLATANAL - timestamp: 2025-06-01 07:33:00+00:00, columna: EPAS01LIT5331.PV, Django: 900.0592, SQLServer: 900.059
2025-07-03 07:27:21,037 INFO:Diferencia en CMDC.H._PLATANAL - timestamp: 2025-06-01 07:33:00+00:00, columna: EPAS01TIT3021.PV, Django: 36.08073, SQLServer: 36.0807
2025-07-03 07:27:21,037 INFO:Diferencia en CMDC.H._PLATANAL - timestamp: 2025-06-01 07:33:00+00:00, columna: EPAS01TIT5128.PV, Django: 71.66666666666667, SQLServer: 71.6667
2025-07-03 07:27:21,037 INFO:Diferencia en CMDC.H._PLATANAL - timestamp: 2025-06-01 07:33:00+00:00, columna: EPAS01LIT5241.PV, Django: 904.6716, SQLServer: 904.672
2025-07-03 07:27:21,038 INFO:Diferencia en CMDC.H._PLATANAL - timestamp: 2025-06-01 07:33:00+00:00, columna: EPAS05AIT1231.PV, Django: 0.01076806, SQLServer: 0.0107681
2025-07-03 07:27:21,038 INFO:Diferencia en CMDC.H._PLATANAL - timestamp: 2025-06-01 07:33:00+00:00, columna: EPAS02_MU01.P, Django: 27.09737, SQLServer: 27.0974
2025-07-03 07:27:21,038 INFO:Diferencia en CMDC.H._PLATANAL - timestamp: 2025-06-01 07:33:00+00:00, columna: EPAS01TIT51114.PV, Django: 50.666666666666664, SQLServer: 50.6667
2025-07-03 07:27:21,039 INFO:Diferencia en CMDC.H._PLATANAL - timestamp: 2025-06-01 07:33:00+00:00, columna: EPAS05LIT1132.PV, Django: 1535.0363333333332, SQLServer: 1535.04
2025-07-03 07:27:21,039 INFO:Diferencia en CMDC.H._PLATANAL - timestamp: 2025-06-01 07:33:00+00:00, columna: EPAS05ZIT1113.PV, Django: 1.292824, SQLServer: 1.29282
2025-07-03 07:27:21,040 INFO:Diferencia en CMDC.H._PLATANAL - timestamp: 2025-06-01 07:33:00+00:00, columna: EPAS05LIT1131.PV, Django: 1535.146, SQLServer: 1535.15
2025-07-03 07:27:21,040 INFO:Diferencia en CMDC.H._PLATANAL - timestamp: 2025-06-01 07:33:00+00:00, columna: EPAS02PIT3021.PV, Django: 120.30095, SQLServer: 120.301
2025-07-03 07:27:21,040 INFO:Diferencia en CMDC.H._PLATANAL - timestamp: 2025-06-01 07:33:00+00:00, columna: EPAS02TIT3021.PV, Django: 41.57066, SQLServer: 41.5707
2025-07-03 07:27:21,041 INFO:Diferencia en CMDC.H._PLATANAL - timestamp: 2025-06-01 07:33:00+00:00, columna: EPAS02_MU01.Q, Django: -8.489246, SQLServer: -8.48925
2025-07-03 07:27:21,041 INFO:Diferencia en CMDC.H._PLATANAL - timestamp: 2025-06-01 07:33:00+00:00, columna: EPAS07LIT1031.PV, Django: 4244.867, SQLServer: 4244.87
2025-07-03 07:27:21,042 INFO:Diferencia en CMDC.H._PLATANAL - timestamp: 2025-06-01 07:33:00+00:00, columna: EPAS02LIT5241.PV, Django: 904.6782, SQLServer: 904.678
2025-07-03 07:27:21,042 INFO:Diferencia en CMDC.H._PLATANAL - timestamp: 2025-06-01 07:33:00+00:00, columna: EPAS02TIT51215.PV, Django: 48.833333333333336, SQLServer: 48.8333
2025-07-03 07:27:21,043 INFO:Diferencia en CMDC.H._PLATANAL - timestamp: 2025-06-01 07:33:00+00:00, columna: EPAS02JIT2221.PV, Django: 26.50563, SQLServer: 26.5056
2025-07-03 07:27:21,043 INFO:Diferencia en CMDC.H._PLATANAL - timestamp: 2025-06-01 07:33:00+00:00, columna: EPAS01TIT51113.PV, Django: 52.333333333333336, SQLServer: 52.3333
2025-07-03 07:27:21,043 INFO:Diferencia en CMDC.H._PLATANAL - timestamp: 2025-06-01 07:33:00+00:00, columna: EPAS01JIT2221.PV, Django: 109.6902, SQLServer: 109.69
2025-07-03 07:27:21,043 INFO:Diferencia en CMDC.H._PLATANAL - timestamp: 2025-06-01 07:33:00+00:00, columna: EPAS02_MU01.URS, Django: 13.81939, SQLServer: 13.8194
2025-07-03 07:27:21,045 INFO:Diferencia en CMDC.H._PLATANAL - timestamp: 2025-06-01 07:34:00+00:00, columna: EPAS04LT1011.PV, Django: 890.7466, SQLServer: 890.747
2025-07-03 07:27:21,046 INFO:Diferencia en CMDC.H._PLATANAL - timestamp: 2025-06-01 07:34:00+00:00, columna: EPAS05AIT1232.PV, Django: 0.02074988, SQLServer: 0.0207499
2025-07-03 07:27:21,046 INFO:Diferencia en CMDC.H._PLATANAL - timestamp: 2025-06-01 07:34:00+00:00, columna: EPAS01LIT5331.PV, Django: 900.0621, SQLServer: 900.062
2025-07-03 07:27:21,046 INFO:Diferencia en CMDC.H._PLATANAL - timestamp: 2025-06-01 07:34:00+00:00, columna: EPAS02PIT3021.PV, Django: 120.1852, SQLServer: 120.185
2025-07-03 07:27:21,046 INFO:Diferencia en CMDC.H._PLATANAL - timestamp: 2025-06-01 07:34:00+00:00, columna: EPAS01LIT5241.PV, Django: 904.6779, SQLServer: 904.678
2025-07-03 07:27:21,046 INFO:Diferencia en CMDC.H._PLATANAL - timestamp: 2025-06-01 07:34:00+00:00, columna: EPAS01TIT3021.PV, Django: 36.137325000000004, SQLServer: 36.1373
2025-07-03 07:27:21,047 INFO:Diferencia en CMDC.H._PLATANAL - timestamp: 2025-06-01 07:34:00+00:00, columna: EPAS05AIT1231.PV, Django: 0.01068541, SQLServer: 0.0106854
2025-07-03 07:27:21,047 INFO:Diferencia en CMDC.H._PLATANAL - timestamp: 2025-06-01 07:34:00+00:00, columna: EPAS02_MU01.P, Django: 23.11804, SQLServer: 23.118
2025-07-03 07:27:21,047 INFO:Diferencia en CMDC.H._PLATANAL - timestamp: 2025-06-01 07:34:00+00:00, columna: EPAS05LIT1131.PV, Django: 1535.146, SQLServer: 1535.15
2025-07-03 07:27:21,047 INFO:Diferencia en CMDC.H._PLATANAL - timestamp: 2025-06-01 07:34:00+00:00, columna: EPAS01TIT51114.PV, Django: 50.833333333333336, SQLServer: 50.8333
2025-07-03 07:27:21,048 INFO:Diferencia en CMDC.H._PLATANAL - timestamp: 2025-06-01 07:34:00+00:00, columna: EPAS05ZIT1113.PV, Django: 1.122107, SQLServer: 1.12211
2025-07-03 07:27:21,048 INFO:Diferencia en CMDC.H._PLATANAL - timestamp: 2025-06-01 07:34:00+00:00, columna: EPAS02FIT2132.PV, Django: 3.993867, SQLServer: 3.99387
2025-07-03 07:27:21,049 INFO:Diferencia en CMDC.H._PLATANAL - timestamp: 2025-06-01 07:34:00+00:00, columna: EPAS01_MU01.Q, Django: -3.829114, SQLServer: -3.82911
2025-07-03 07:27:21,049 INFO:Diferencia en CMDC.H._PLATANAL - timestamp: 2025-06-01 07:34:00+00:00, columna: EPAS02TIT3021.PV, Django: 41.57066, SQLServer: 41.5707
2025-07-03 07:27:21,050 INFO:Diferencia en CMDC.H._PLATANAL - timestamp: 2025-06-01 07:34:00+00:00, columna: EPAS02_MU01.Q, Django: -6.632223, SQLServer: -6.63222
2025-07-03 07:27:21,050 INFO:Diferencia en CMDC.H._PLATANAL - timestamp: 2025-06-01 07:34:00+00:00, columna: EPAS02FIT5111.PV, Django: 376.3889, SQLServer: 376.389
2025-07-03 07:27:21,050 INFO:Diferencia en CMDC.H._PLATANAL - timestamp: 2025-06-01 07:34:00+00:00, columna: EPAS02LIT5241.PV, Django: 904.6778, SQLServer: 904.678
2025-07-03 07:27:21,051 INFO:Diferencia en CMDC.H._PLATANAL - timestamp: 2025-06-01 07:34:00+00:00, columna: EPAS02TIT51215.PV, Django: 48.666666666666664, SQLServer: 48.6667
2025-07-03 07:27:21,051 INFO:Diferencia en CMDC.H._PLATANAL - timestamp: 2025-06-01 07:34:00+00:00, columna: EPAS02JIT2221.PV, Django: 22.87066, SQLServer: 22.8707
2025-07-03 07:27:21,051 INFO:Diferencia en CMDC.H._PLATANAL - timestamp: 2025-06-01 07:34:00+00:00, columna: EPAS01_MU01.URS, Django: 13.80305, SQLServer: 13.8031
2025-07-03 07:27:21,051 INFO:Diferencia en CMDC.H._PLATANAL - timestamp: 2025-06-01 07:34:00+00:00, columna: EPAS01PIT3021.PV, Django: 121.82875, SQLServer: 121.829
2025-07-03 07:27:21,052 INFO:Diferencia en CMDC.H._PLATANAL - timestamp: 2025-06-01 07:34:00+00:00, columna: EPAS01JIT2221.PV, Django: 108.2455, SQLServer: 108.246
2025-07-03 07:27:21,052 INFO:Diferencia en CMDC.H._PLATANAL - timestamp: 2025-06-01 07:34:00+00:00, columna: EPAS02_MU01.URS, Django: 13.81037, SQLServer: 13.8104
2025-07-03 07:27:21,053 INFO:Diferencia en CMDC.H._PLATANAL - timestamp: 2025-06-01 07:34:00+00:00, columna: EPAS07LIT1031.PV, Django: 4244.867, SQLServer: 4244.87
2025-07-03 07:27:21,053 INFO:Diferencia en CMDC.H._PLATANAL - timestamp: 2025-06-01 07:34:00+00:00, columna: EPAS01FIT5111.PV, Django: 409.2593, SQLServer: 409.259
2025-07-03 07:27:21,054 INFO:Diferencia en CMDC.H._PLATANAL - timestamp: 2025-06-01 07:34:00+00:00, columna: EPAS05LIT1132.PV, Django: 1535.041, SQLServer: 1535.04
2025-07-03 07:27:21,054 INFO:Diferencia en CMDC.H._PLATANAL - timestamp: 2025-06-01 07:34:00+00:00, columna: EPAS05ZIT1111.PV, Django: -6.519409, SQLServer: -6.51941
2025-07-03 07:27:21,054 INFO:Diferencia en CMDC.H._PLATANAL - timestamp: 2025-06-01 07:34:00+00:00, columna: EPAS01_MU01.P, Django: 109.0313, SQLServer: 109.031
2025-07-03 07:27:21,055 INFO:Diferencia en CMDC.H._PLATANAL - timestamp: 2025-06-01 07:34:00+00:00, columna: EPAS02LIT5331.PV, Django: 899.9336, SQLServer: 899.934
2025-07-03 07:27:21,055 INFO:Diferencia en CMDC.H._PLATANAL - timestamp: 2025-06-01 07:34:00+00:00, columna: EPAS01TIT51124.PV, Django: 35.214285714285715, SQLServer: 35.2143
2025-07-03 07:27:21,056 INFO:Diferencia en CMDC.H._PLATANAL - timestamp: 2025-06-01 07:34:00+00:00, columna: EPAS01TIT51122.PV, Django: 33.53333333333333, SQLServer: 33.5333
2025-07-03 07:27:21,056 INFO:Diferencia en CMDC.H._PLATANAL - timestamp: 2025-06-01 07:35:00+00:00, columna: EPAS02FIT2132.PV, Django: 3.881178, SQLServer: 3.88118
2025-07-03 07:27:21,057 INFO:Diferencia en CMDC.H._PLATANAL - timestamp: 2025-06-01 07:35:00+00:00, columna: EPAS01_MU01.Q, Django: -3.238337, SQLServer: -3.23834
2025-07-03 07:27:21,057 INFO:Diferencia en CMDC.H._PLATANAL - timestamp: 2025-06-01 07:35:00+00:00, columna: EPAS01PIT3021.PV, Django: 121.8056, SQLServer: 121.806
2025-07-03 07:27:21,057 INFO:Diferencia en CMDC.H._PLATANAL - timestamp: 2025-06-01 07:35:00+00:00, columna: EPAS02TIT3021.PV, Django: 41.48576, SQLServer: 41.4858
2025-07-03 07:27:21,060 INFO:Diferencia en CMDC.H._PLATANAL - timestamp: 2025-06-01 07:35:00+00:00, columna: EPAS01TIT3021.PV, Django: 36.19392, SQLServer: 36.1939
2025-07-03 07:27:21,060 INFO:Diferencia en CMDC.H._PLATANAL - timestamp: 2025-06-01 07:35:00+00:00, columna: EPAS01TIT5128.PV, Django: 72.33333333333333, SQLServer: 72.3333
2025-07-03 07:27:21,061 INFO:Diferencia en CMDC.H._PLATANAL - timestamp: 2025-06-01 07:35:00+00:00, columna: EPAS02FIT5111.PV, Django: 377.0833, SQLServer: 377.083
2025-07-03 07:27:21,061 INFO:Diferencia en CMDC.H._PLATANAL - timestamp: 2025-06-01 07:35:00+00:00, columna: EPAS02LIT5241.PV, Django: 904.6749, SQLServer: 904.675
2025-07-03 07:27:21,062 INFO:Diferencia en CMDC.H._PLATANAL - timestamp: 2025-06-01 07:35:00+00:00, columna: EPAS02JIT2221.PV, Django: 22.08176, SQLServer: 22.0818
2025-07-03 07:27:21,062 INFO:Diferencia en CMDC.H._PLATANAL - timestamp: 2025-06-01 07:35:00+00:00, columna: EPAS01_MU01.URS, Django: 13.78221, SQLServer: 13.7822
2025-07-03 07:27:21,062 INFO:Diferencia en CMDC.H._PLATANAL - timestamp: 2025-06-01 07:35:00+00:00, columna: EPAS01TIT51113.PV, Django: 52.666666666666664, SQLServer: 52.6667
2025-07-03 07:27:21,062 INFO:Diferencia en CMDC.H._PLATANAL - timestamp: 2025-06-01 07:35:00+00:00, columna: EPAS05LIT1131.PV, Django: 1535.146, SQLServer: 1535.15
2025-07-03 07:27:21,063 INFO:Diferencia en CMDC.H._PLATANAL - timestamp: 2025-06-01 07:35:00+00:00, columna: EPAS01FIT5111.PV, Django: 408.91205, SQLServer: 408.912
2025-07-03 07:27:21,063 INFO:Diferencia en CMDC.H._PLATANAL - timestamp: 2025-06-01 07:35:00+00:00, columna: EPAS02PIT3021.PV, Django: 120.1852, SQLServer: 120.185
2025-07-03 07:27:21,063 INFO:Diferencia en CMDC.H._PLATANAL - timestamp: 2025-06-01 07:35:00+00:00, columna: EPAS01JIT2221.PV, Django: 109.9335, SQLServer: 109.934
2025-07-03 07:27:21,063 INFO:Diferencia en CMDC.H._PLATANAL - timestamp: 2025-06-01 07:35:00+00:00, columna: EPAS02_MU01.URS, Django: 13.80586, SQLServer: 13.8059
2025-07-03 07:27:21,064 INFO:Diferencia en CMDC.H._PLATANAL - timestamp: 2025-06-01 07:35:00+00:00, columna: EPAS07LIT1031.PV, Django: 4244.867, SQLServer: 4244.87
2025-07-03 07:27:21,065 INFO:Diferencia en CMDC.H._PLATANAL - timestamp: 2025-06-01 07:35:00+00:00, columna: EPAS01TIT5129.PV, Django: 74.33333333333333, SQLServer: 74.3333
2025-07-03 07:27:21,065 INFO:Diferencia en CMDC.H._PLATANAL - timestamp: 2025-06-01 07:35:00+00:00, columna: EPAS05ZIT1111.PV, Django: -6.519409, SQLServer: -6.51941
2025-07-03 07:27:21,066 INFO:Diferencia en CMDC.H._PLATANAL - timestamp: 2025-06-01 07:35:00+00:00, columna: EPAS01_MU01.P, Django: 110.7599, SQLServer: 110.76
2025-07-03 07:27:21,066 INFO:Diferencia en CMDC.H._PLATANAL - timestamp: 2025-06-01 07:35:00+00:00, columna: EPAS02LIT5331.PV, Django: 899.9332, SQLServer: 899.933
2025-07-03 07:27:21,066 INFO:Diferencia en CMDC.H._PLATANAL - timestamp: 2025-06-01 07:35:00+00:00, columna: EPAS01TIT51124.PV, Django: 35.285714285714285, SQLServer: 35.2857
2025-07-03 07:27:21,067 INFO:Diferencia en CMDC.H._PLATANAL - timestamp: 2025-06-01 07:35:00+00:00, columna: EPAS01TIT5133.PV, Django: 57.166666666666664, SQLServer: 57.1667
2025-07-03 07:27:21,067 INFO:Diferencia en CMDC.H._PLATANAL - timestamp: 2025-06-01 07:35:00+00:00, columna: EPAS01TIT51122.PV, Django: 33.666666666666664, SQLServer: 33.6667
2025-07-03 07:27:21,067 INFO:Diferencia en CMDC.H._PLATANAL - timestamp: 2025-06-01 07:35:00+00:00, columna: EPAS01TIT5126.PV, Django: 74.66666666666667, SQLServer: 74.6667
2025-07-03 07:27:21,068 INFO:Diferencia en CMDC.H._PLATANAL - timestamp: 2025-06-01 07:35:00+00:00, columna: 00666, Django: 22.974835, SQLServer: 22.9748
2025-07-03 07:27:21,068 INFO:Diferencia en CMDC.H._PLATANAL - timestamp: 2025-06-01 07:35:00+00:00, columna: EPAS04LT1011.PV, Django: 890.7466, SQLServer: 890.747
2025-07-03 07:27:21,068 INFO:Diferencia en CMDC.H._PLATANAL - timestamp: 2025-06-01 07:35:00+00:00, columna: EPAS02TIT51213.PV, Django: 48.666666666666664, SQLServer: 48.6667
2025-07-03 07:27:21,069 INFO:Diferencia en CMDC.H._PLATANAL - timestamp: 2025-06-01 07:35:00+00:00, columna: EPAS05AIT1232.PV, Django: 0.02027032, SQLServer: 0.0202703
2025-07-03 07:27:21,069 INFO:Diferencia en CMDC.H._PLATANAL - timestamp: 2025-06-01 07:35:00+00:00, columna: EPAS01LIT5331.PV, Django: 900.0645, SQLServer: 900.064
2025-07-03 07:27:21,069 INFO:Diferencia en CMDC.H._PLATANAL - timestamp: 2025-06-01 07:35:00+00:00, columna: EPAS01LIT5241.PV, Django: 904.6775, SQLServer: 904.678
2025-07-03 07:27:21,069 INFO:Diferencia en CMDC.H._PLATANAL - timestamp: 2025-06-01 07:35:00+00:00, columna: EPAS05AIT1231.PV, Django: 0.009832837, SQLServer: 0.00983284
2025-07-03 07:27:21,070 INFO:Diferencia en CMDC.H._PLATANAL - timestamp: 2025-06-01 07:35:00+00:00, columna: EPAS02_MU01.P, Django: 22.62536, SQLServer: 22.6254
2025-07-03 07:27:21,070 INFO:Diferencia en CMDC.H._PLATANAL - timestamp: 2025-06-01 07:35:00+00:00, columna: EPAS01TIT51214.PV, Django: 75.33333333333333, SQLServer: 75.3333
2025-07-03 07:27:21,070 INFO:Diferencia en CMDC.H._PLATANAL - timestamp: 2025-06-01 07:35:00+00:00, columna: EPAS05ZIT1113.PV, Django: 1.122107, SQLServer: 1.12211
2025-07-03 07:27:21,070 INFO:Diferencia en CMDC.H._PLATANAL - timestamp: 2025-06-01 07:36:00+00:00, columna: EPAS01_MU01.URS, Django: 13.80826, SQLServer: 13.8083
2025-07-03 07:27:21,071 INFO:Diferencia en CMDC.H._PLATANAL - timestamp: 2025-06-01 07:36:00+00:00, columna: EPAS01TIT51113.PV, Django: 52.833333333333336, SQLServer: 52.8333
2025-07-03 07:27:21,071 INFO:Diferencia en CMDC.H._PLATANAL - timestamp: 2025-06-01 07:36:00+00:00, columna: EPAS05LIT1131.PV, Django: 1535.146, SQLServer: 1535.15
2025-07-03 07:27:21,072 INFO:Diferencia en CMDC.H._PLATANAL - timestamp: 2025-06-01 07:36:00+00:00, columna: EPAS01JIT2221.PV, Django: 111.5355, SQLServer: 111.536
2025-07-03 07:27:21,072 INFO:Diferencia en CMDC.H._PLATANAL - timestamp: 2025-06-01 07:36:00+00:00, columna: EPAS01TIT5129.PV, Django: 74.66666666666667, SQLServer: 74.6667
2025-07-03 07:27:21,073 INFO:Diferencia en CMDC.H._PLATANAL - timestamp: 2025-06-01 07:36:00+00:00, columna: EPAS05ZIT1111.PV, Django: -6.519409, SQLServer: -6.51941
2025-07-03 07:27:21,073 INFO:Diferencia en CMDC.H._PLATANAL - timestamp: 2025-06-01 07:36:00+00:00, columna: EPAS02_MU01.Q, Django: -6.897512000000001, SQLServer: -6.89751
2025-07-03 07:27:21,073 INFO:Diferencia en CMDC.H._PLATANAL - timestamp: 2025-06-01 07:36:00+00:00, columna: EPAS01PIT3021.PV, Django: 122.1065, SQLServer: 122.107
2025-07-03 07:27:21,074 INFO:Diferencia en CMDC.H._PLATANAL - timestamp: 2025-06-01 07:36:00+00:00, columna: EPAS01_MU01.P, Django: 111.31784999999999, SQLServer: 111.318
2025-07-03 07:27:21,074 INFO:Diferencia en CMDC.H._PLATANAL - timestamp: 2025-06-01 07:36:00+00:00, columna: EPAS02LIT5331.PV, Django: 899.9321, SQLServer: 899.932
2025-07-03 07:27:21,074 INFO:Diferencia en CMDC.H._PLATANAL - timestamp: 2025-06-01 07:36:00+00:00, columna: EPAS01TIT51124.PV, Django: 35.357142857142854, SQLServer: 35.3571
2025-07-03 07:27:21,075 INFO:Diferencia en CMDC.H._PLATANAL - timestamp: 2025-06-01 07:36:00+00:00, columna: EPAS01TIT5133.PV, Django: 57.333333333333336, SQLServer: 57.3333
2025-07-03 07:27:21,075 INFO:Diferencia en CMDC.H._PLATANAL - timestamp: 2025-06-01 07:36:00+00:00, columna: EPAS01TIT51211.PV, Django: 76.33333333333333, SQLServer: 76.3333
2025-07-03 07:27:21,075 INFO:Diferencia en CMDC.H._PLATANAL - timestamp: 2025-06-01 07:36:00+00:00, columna: EPAS01TIT5126.PV, Django: 75.33333333333333, SQLServer: 75.3333
2025-07-03 07:27:21,075 INFO:Diferencia en CMDC.H._PLATANAL - timestamp: 2025-06-01 07:36:00+00:00, columna: EPAS07LIT1031.PV, Django: 4244.867, SQLServer: 4244.87
2025-07-03 07:27:21,075 INFO:Diferencia en CMDC.H._PLATANAL - timestamp: 2025-06-01 07:36:00+00:00, columna: EPAS01FIT5111.PV, Django: 408.5648, SQLServer: 408.565
2025-07-03 07:27:21,076 INFO:Diferencia en CMDC.H._PLATANAL - timestamp: 2025-06-01 07:36:00+00:00, columna: 00666, Django: 23.76817, SQLServer: 23.7682
2025-07-03 07:27:21,076 INFO:Diferencia en CMDC.H._PLATANAL - timestamp: 2025-06-01 07:36:00+00:00, columna: EPAS04LT1011.PV, Django: 890.7466, SQLServer: 890.747
2025-07-03 07:27:21,076 INFO:Diferencia en CMDC.H._PLATANAL - timestamp: 2025-06-01 07:36:00+00:00, columna: EPAS02TIT51213.PV, Django: 48.333333333333336, SQLServer: 48.3333
2025-07-03 07:27:21,077 INFO:Diferencia en CMDC.H._PLATANAL - timestamp: 2025-06-01 07:36:00+00:00, columna: EPAS05AIT1232.PV, Django: 0.01988044, SQLServer: 0.0198804
2025-07-03 07:27:21,077 INFO:Diferencia en CMDC.H._PLATANAL - timestamp: 2025-06-01 07:36:00+00:00, columna: EPAS01TIT51112.PV, Django: 52.166666666666664, SQLServer: 52.1667
2025-07-03 07:27:21,077 INFO:Diferencia en CMDC.H._PLATANAL - timestamp: 2025-06-01 07:36:00+00:00, columna: EPAS01LIT5331.PV, Django: 900.0676, SQLServer: 900.068
2025-07-03 07:27:21,077 INFO:Diferencia en CMDC.H._PLATANAL - timestamp: 2025-06-01 07:36:00+00:00, columna: EPAS01LIT5241.PV, Django: 904.6757, SQLServer: 904.676
2025-07-03 07:27:21,078 INFO:Diferencia en CMDC.H._PLATANAL - timestamp: 2025-06-01 07:36:00+00:00, columna: EPAS05AIT1231.PV, Django: 0.009434638, SQLServer: 0.00943464
2025-07-03 07:27:21,078 INFO:Diferencia en CMDC.H._PLATANAL - timestamp: 2025-06-01 07:36:00+00:00, columna: EPAS05ZIT1112.PV, Django: -0.03857421758, SQLServer: -0.0385742
2025-07-03 07:27:21,078 INFO:Diferencia en CMDC.H._PLATANAL - timestamp: 2025-06-01 07:36:00+00:00, columna: EPAS01TIT51214.PV, Django: 75.66666666666667, SQLServer: 75.6667
2025-07-03 07:27:21,078 INFO:Diferencia en CMDC.H._PLATANAL - timestamp: 2025-06-01 07:36:00+00:00, columna: EPAS05ZIT1113.PV, Django: 1.122107, SQLServer: 1.12211
2025-07-03 07:27:21,079 INFO:Diferencia en CMDC.H._PLATANAL - timestamp: 2025-06-01 07:36:00+00:00, columna: EPAS01_MU01.Q, Django: -3.019531, SQLServer: -3.01953
2025-07-03 07:27:21,079 INFO:Diferencia en CMDC.H._PLATANAL - timestamp: 2025-06-01 07:36:00+00:00, columna: EPAS02TIT3021.PV, Django: 41.62726, SQLServer: 41.6273
2025-07-03 07:27:21,080 INFO:Diferencia en CMDC.H._PLATANAL - timestamp: 2025-06-01 07:36:00+00:00, columna: EPAS02_MU01.P, Django: 24.122345000000003, SQLServer: 24.1223
2025-07-03 07:27:21,080 INFO:Diferencia en CMDC.H._PLATANAL - timestamp: 2025-06-01 07:36:00+00:00, columna: EPAS02PIT3021.PV, Django: 120.1852, SQLServer: 120.185
2025-07-03 07:27:21,080 INFO:Diferencia en CMDC.H._PLATANAL - timestamp: 2025-06-01 07:36:00+00:00, columna: EPAS01TIT3021.PV, Django: 36.22222, SQLServer: 36.2222
2025-07-03 07:27:21,081 INFO:Diferencia en CMDC.H._PLATANAL - timestamp: 2025-06-01 07:36:00+00:00, columna: EPAS01TIT5128.PV, Django: 72.66666666666667, SQLServer: 72.6667
2025-07-03 07:27:21,081 INFO:Diferencia en CMDC.H._PLATANAL - timestamp: 2025-06-01 07:36:00+00:00, columna: EPAS02FIT5111.PV, Django: 376.85185, SQLServer: 376.852
2025-07-03 07:27:21,082 INFO:Diferencia en CMDC.H._PLATANAL - timestamp: 2025-06-01 07:36:00+00:00, columna: EPAS02LIT5241.PV, Django: 904.6729, SQLServer: 904.673
2025-07-03 07:27:21,082 INFO:Diferencia en CMDC.H._PLATANAL - timestamp: 2025-06-01 07:36:00+00:00, columna: EPAS01TIT51114.PV, Django: 51.166666666666664, SQLServer: 51.1667
2025-07-03 07:27:21,082 INFO:Diferencia en CMDC.H._PLATANAL - timestamp: 2025-06-01 07:36:00+00:00, columna: EPAS02TIT51215.PV, Django: 48.333333333333336, SQLServer: 48.3333
2025-07-03 07:27:21,082 INFO:Diferencia en CMDC.H._PLATANAL - timestamp: 2025-06-01 07:36:00+00:00, columna: EPAS02JIT2221.PV, Django: 24.00831, SQLServer: 24.0083
2025-07-03 07:27:21,082 INFO:Diferencia en CMDC.H._PLATANAL - timestamp: 2025-06-01 07:37:00+00:00, columna: EPAS01TIT51213.PV, Django: 72.33333333333333, SQLServer: 72.3333
2025-07-03 07:27:21,083 INFO:Diferencia en CMDC.H._PLATANAL - timestamp: 2025-06-01 07:37:00+00:00, columna: EPAS02LIT5331.PV, Django: 899.9305, SQLServer: 899.931
2025-07-03 07:27:21,083 INFO:Diferencia en CMDC.H._PLATANAL - timestamp: 2025-06-01 07:37:00+00:00, columna: EPAS01TIT51124.PV, Django: 35.42857142857143, SQLServer: 35.4286
2025-07-03 07:27:21,084 INFO:Diferencia en CMDC.H._PLATANAL - timestamp: 2025-06-01 07:37:00+00:00, columna: EPAS01TIT51122.PV, Django: 33.93333333333333, SQLServer: 33.9333
2025-07-03 07:27:21,084 INFO:Diferencia en CMDC.H._PLATANAL - timestamp: 2025-06-01 07:37:00+00:00, columna: EPAS01TIT51211.PV, Django: 76.66666666666667, SQLServer: 76.6667
2025-07-03 07:27:21,084 INFO:Diferencia en CMDC.H._PLATANAL - timestamp: 2025-06-01 07:37:00+00:00, columna: EPAS07LIT1031.PV, Django: 4244.867, SQLServer: 4244.87
2025-07-03 07:27:21,084 INFO:Diferencia en CMDC.H._PLATANAL - timestamp: 2025-06-01 07:37:00+00:00, columna: EPAS01FIT5111.PV, Django: 409.0278, SQLServer: 409.028
2025-07-03 07:27:21,084 INFO:Diferencia en CMDC.H._PLATANAL - timestamp: 2025-06-01 07:37:00+00:00, columna: EPAS05ZIT1112.PV, Django: -6.103516e-05, SQLServer: -6.10352e-05
2025-07-03 07:27:21,084 INFO:Diferencia en CMDC.H._PLATANAL - timestamp: 2025-06-01 07:37:00+00:00, columna: 00666, Django: 25.64963, SQLServer: 25.6496
2025-07-03 07:27:21,086 INFO:Diferencia en CMDC.H._PLATANAL - timestamp: 2025-06-01 07:37:00+00:00, columna: EPAS04LT1011.PV, Django: 890.7309, SQLServer: 890.731
2025-07-03 07:27:21,086 INFO:Diferencia en CMDC.H._PLATANAL - timestamp: 2025-06-01 07:37:00+00:00, columna: EPAS05AIT1232.PV, Django: 0.01845148, SQLServer: 0.0184515
2025-07-03 07:27:21,086 INFO:Diferencia en CMDC.H._PLATANAL - timestamp: 2025-06-01 07:37:00+00:00, columna: EPAS01TIT51112.PV, Django: 52.333333333333336, SQLServer: 52.3333
2025-07-03 07:27:21,086 INFO:Diferencia en CMDC.H._PLATANAL - timestamp: 2025-06-01 07:37:00+00:00, columna: EPAS01LIT5331.PV, Django: 900.0678, SQLServer: 900.068
2025-07-03 07:27:21,087 INFO:Diferencia en CMDC.H._PLATANAL - timestamp: 2025-06-01 07:37:00+00:00, columna: EPAS01_MU01.P, Django: 111.8758, SQLServer: 111.876
2025-07-03 07:27:21,087 INFO:Diferencia en CMDC.H._PLATANAL - timestamp: 2025-06-01 07:37:00+00:00, columna: EPAS05AIT1231.PV, Django: 0.009249805, SQLServer: 0.0092498
2025-07-03 07:27:21,087 INFO:Diferencia en CMDC.H._PLATANAL - timestamp: 2025-06-01 07:37:00+00:00, columna: EPAS01TIT51111.PV, Django: 52.142857142857146, SQLServer: 52.1429
2025-07-03 07:27:21,088 INFO:Diferencia en CMDC.H._PLATANAL - timestamp: 2025-06-01 07:37:00+00:00, columna: EPAS01TIT51115.PV, Django: 52.166666666666664, SQLServer: 52.1667
2025-07-03 07:27:21,089 INFO:Diferencia en CMDC.H._PLATANAL - timestamp: 2025-06-01 07:37:00+00:00, columna: EPAS01_MU01.Q, Django: -2.647559, SQLServer: -2.64756
2025-07-03 07:27:21,089 INFO:Diferencia en CMDC.H._PLATANAL - timestamp: 2025-06-01 07:37:00+00:00, columna: EPAS02TIT3021.PV, Django: 41.62726, SQLServer: 41.6273
2025-07-03 07:27:21,089 INFO:Diferencia en CMDC.H._PLATANAL - timestamp: 2025-06-01 07:37:00+00:00, columna: EPAS02PIT3021.PV, Django: 120.1389, SQLServer: 120.139
2025-07-03 07:27:21,089 INFO:Diferencia en CMDC.H._PLATANAL - timestamp: 2025-06-01 07:37:00+00:00, columna: EPAS01TIT3021.PV, Django: 36.25052, SQLServer: 36.2505
2025-07-03 07:27:21,090 INFO:Diferencia en CMDC.H._PLATANAL - timestamp: 2025-06-01 07:37:00+00:00, columna: EPAS02_MU01.P, Django: 25.61933, SQLServer: 25.6193
2025-07-03 07:27:21,091 INFO:Diferencia en CMDC.H._PLATANAL - timestamp: 2025-06-01 07:37:00+00:00, columna: EPAS01TIT51114.PV, Django: 51.333333333333336, SQLServer: 51.3333
2025-07-03 07:27:21,092 INFO:Diferencia en CMDC.H._PLATANAL - timestamp: 2025-06-01 07:37:00+00:00, columna: EPAS02TIT51215.PV, Django: 48.166666666666664, SQLServer: 48.1667
2025-07-03 07:27:21,092 INFO:Diferencia en CMDC.H._PLATANAL - timestamp: 2025-06-01 07:37:00+00:00, columna: EPAS02JIT2221.PV, Django: 25.28893, SQLServer: 25.2889
2025-07-03 07:27:21,093 INFO:Diferencia en CMDC.H._PLATANAL - timestamp: 2025-06-01 07:37:00+00:00, columna: EPAS01_MU01.URS, Django: 13.78482, SQLServer: 13.7848
2025-07-03 07:27:21,093 INFO:Diferencia en CMDC.H._PLATANAL - timestamp: 2025-06-01 07:37:00+00:00, columna: EPAS05LIT1131.PV, Django: 1535.146, SQLServer: 1535.15
2025-07-03 07:27:21,094 INFO:Diferencia en CMDC.H._PLATANAL - timestamp: 2025-06-01 07:37:00+00:00, columna: EPAS01PIT3021.PV, Django: 122.4074, SQLServer: 122.407
2025-07-03 07:27:21,094 INFO:Diferencia en CMDC.H._PLATANAL - timestamp: 2025-06-01 07:37:00+00:00, columna: EPAS01JIT2221.PV, Django: 110.9047, SQLServer: 110.905
2025-07-03 07:27:21,094 INFO:Diferencia en CMDC.H._PLATANAL - timestamp: 2025-06-01 07:37:00+00:00, columna: EPAS02_MU01.URS, Django: 13.83293, SQLServer: 13.8329
2025-07-03 07:27:21,094 INFO:Diferencia en CMDC.H._PLATANAL - timestamp: 2025-06-01 07:37:00+00:00, columna: EPAS05ZIT1113.PV, Django: 1.122107, SQLServer: 1.12211
2025-07-03 07:27:21,095 INFO:Diferencia en CMDC.H._PLATANAL - timestamp: 2025-06-01 07:37:00+00:00, columna: EPAS02_MU01.Q, Django: -7.087004, SQLServer: -7.087
2025-07-03 07:27:21,095 INFO:Diferencia en CMDC.H._PLATANAL - timestamp: 2025-06-01 07:37:00+00:00, columna: EPAS02FIT5111.PV, Django: 376.6204, SQLServer: 376.62
2025-07-03 07:27:21,095 INFO:Diferencia en CMDC.H._PLATANAL - timestamp: 2025-06-01 07:37:00+00:00, columna: EPAS05ZIT1111.PV, Django: -6.519409, SQLServer: -6.51941
2025-07-03 07:27:21,096 INFO:Diferencia en CMDC.H._PLATANAL - timestamp: 2025-06-01 07:38:00+00:00, columna: EPAS05AIT1232.PV, Django: 0.01814861, SQLServer: 0.0181486
2025-07-03 07:27:21,096 INFO:Diferencia en CMDC.H._PLATANAL - timestamp: 2025-06-01 07:38:00+00:00, columna: EPAS02_MU01.Q, Django: -7.1817505, SQLServer: -7.18175
2025-07-03 07:27:21,096 INFO:Diferencia en CMDC.H._PLATANAL - timestamp: 2025-06-01 07:38:00+00:00, columna: EPAS01LIT5331.PV, Django: 900.0637, SQLServer: 900.064
2025-07-03 07:27:21,096 INFO:Diferencia en CMDC.H._PLATANAL - timestamp: 2025-06-01 07:38:00+00:00, columna: EPAS01_MU01.P, Django: 111.4382, SQLServer: 111.438
2025-07-03 07:27:21,096 INFO:Diferencia en CMDC.H._PLATANAL - timestamp: 2025-06-01 07:38:00+00:00, columna: EPAS01LIT5241.PV, Django: 904.6763, SQLServer: 904.676
2025-07-03 07:27:21,097 INFO:Diferencia en CMDC.H._PLATANAL - timestamp: 2025-06-01 07:38:00+00:00, columna: EPAS05AIT1231.PV, Django: 0.008806215, SQLServer: 0.00880621
2025-07-03 07:27:21,097 INFO:Diferencia en CMDC.H._PLATANAL - timestamp: 2025-06-01 07:38:00+00:00, columna: EPAS01TIT51111.PV, Django: 52.285714285714285, SQLServer: 52.2857
2025-07-03 07:27:21,098 INFO:Diferencia en CMDC.H._PLATANAL - timestamp: 2025-06-01 07:38:00+00:00, columna: EPAS01TIT51115.PV, Django: 52.333333333333336, SQLServer: 52.3333
2025-07-03 07:27:21,098 INFO:Diferencia en CMDC.H._PLATANAL - timestamp: 2025-06-01 07:38:00+00:00, columna: EPAS07LIT1031.PV, Django: 4244.867, SQLServer: 4244.87
2025-07-03 07:27:21,098 INFO:Diferencia en CMDC.H._PLATANAL - timestamp: 2025-06-01 07:38:00+00:00, columna: EPAS02FIT2132.PV, Django: 4.530374, SQLServer: 4.53037
2025-07-03 07:27:21,099 INFO:Diferencia en CMDC.H._PLATANAL - timestamp: 2025-06-01 07:38:00+00:00, columna: EPAS01_MU01.Q, Django: -2.560037, SQLServer: -2.56004
2025-07-03 07:27:21,099 INFO:Diferencia en CMDC.H._PLATANAL - timestamp: 2025-06-01 07:38:00+00:00, columna: EPAS02TIT3021.PV, Django: 41.62726, SQLServer: 41.6273
2025-07-03 07:27:21,099 INFO:Diferencia en CMDC.H._PLATANAL - timestamp: 2025-06-01 07:38:00+00:00, columna: EPAS02PIT3021.PV, Django: 120.1852, SQLServer: 120.185
2025-07-03 07:27:21,100 INFO:Diferencia en CMDC.H._PLATANAL - timestamp: 2025-06-01 07:38:00+00:00, columna: EPAS01TIT3021.PV, Django: 36.08073, SQLServer: 36.0807
2025-07-03 07:27:21,100 INFO:Diferencia en CMDC.H._PLATANAL - timestamp: 2025-06-01 07:38:00+00:00, columna: EPAS02_MU01.P, Django: 26.56679, SQLServer: 26.5668
2025-07-03 07:27:21,100 INFO:Diferencia en CMDC.H._PLATANAL - timestamp: 2025-06-01 07:38:00+00:00, columna: EPAS02LIT5241.PV, Django: 904.6779, SQLServer: 904.678
2025-07-03 07:27:21,101 INFO:Diferencia en CMDC.H._PLATANAL - timestamp: 2025-06-01 07:38:00+00:00, columna: EPAS05ZIT1113.PV, Django: 1.122107, SQLServer: 1.12211
2025-07-03 07:27:21,101 INFO:Diferencia en CMDC.H._PLATANAL - timestamp: 2025-06-01 07:38:00+00:00, columna: EPAS02JIT2221.PV, Django: 25.82223, SQLServer: 25.8222
2025-07-03 07:27:21,101 INFO:Diferencia en CMDC.H._PLATANAL - timestamp: 2025-06-01 07:38:00+00:00, columna: EPAS01_MU01.URS, Django: 13.82129, SQLServer: 13.8213
2025-07-03 07:27:21,103 INFO:Diferencia en CMDC.H._PLATANAL - timestamp: 2025-06-01 07:38:00+00:00, columna: EPAS01JIT2221.PV, Django: 110.9946, SQLServer: 110.995
2025-07-03 07:27:21,103 INFO:Diferencia en CMDC.H._PLATANAL - timestamp: 2025-06-01 07:38:00+00:00, columna: EPAS02_MU01.URS, Django: 13.81939, SQLServer: 13.8194
2025-07-03 07:27:21,104 INFO:Diferencia en CMDC.H._PLATANAL - timestamp: 2025-06-01 07:38:00+00:00, columna: EPAS02FIT5111.PV, Django: 374.3056, SQLServer: 374.306
2025-07-03 07:27:21,105 INFO:Diferencia en CMDC.H._PLATANAL - timestamp: 2025-06-01 07:38:00+00:00, columna: EPAS05ZIT1111.PV, Django: -6.590271, SQLServer: -6.59027
2025-07-03 07:27:21,105 INFO:Diferencia en CMDC.H._PLATANAL - timestamp: 2025-06-01 07:38:00+00:00, columna: EPAS01TIT51213.PV, Django: 72.66666666666667, SQLServer: 72.6667
2025-07-03 07:27:21,106 INFO:Diferencia en CMDC.H._PLATANAL - timestamp: 2025-06-01 07:38:00+00:00, columna: EPAS02LIT5331.PV, Django: 899.9288, SQLServer: 899.929
2025-07-03 07:27:21,108 INFO:Diferencia en CMDC.H._PLATANAL - timestamp: 2025-06-01 07:38:00+00:00, columna: EPAS01TIT5133.PV, Django: 57.666666666666664, SQLServer: 57.6667
2025-07-03 07:27:21,108 INFO:Diferencia en CMDC.H._PLATANAL - timestamp: 2025-06-01 07:38:00+00:00, columna: EPAS01TIT51122.PV, Django: 34.06666666666667, SQLServer: 34.0667
2025-07-03 07:27:21,109 INFO:Diferencia en CMDC.H._PLATANAL - timestamp: 2025-06-01 07:38:00+00:00, columna: EPAS01FIT5111.PV, Django: 408.7963, SQLServer: 408.796
2025-07-03 07:27:21,109 INFO:Diferencia en CMDC.H._PLATANAL - timestamp: 2025-06-01 07:38:00+00:00, columna: EPAS05LIT1131.PV, Django: 1535.153, SQLServer: 1535.15
2025-07-03 07:27:21,109 INFO:Diferencia en CMDC.H._PLATANAL - timestamp: 2025-06-01 07:38:00+00:00, columna: 00666, Django: 25.51412, SQLServer: 25.5141
2025-07-03 07:27:21,110 INFO:Diferencia en CMDC.H._PLATANAL - timestamp: 2025-06-01 07:38:00+00:00, columna: EPAS04LT1011.PV, Django: 890.7328, SQLServer: 890.733
2025-07-03 07:27:21,111 INFO:Diferencia en CMDC.H._PLATANAL - timestamp: 2025-06-01 07:39:00+00:00, columna: EPAS02PIT3021.PV, Django: 120.3241, SQLServer: 120.324
2025-07-03 07:27:21,112 INFO:Diferencia en CMDC.H._PLATANAL - timestamp: 2025-06-01 07:39:00+00:00, columna: EPAS01FIT5111.PV, Django: 409.1435, SQLServer: 409.144
2025-07-03 07:27:21,112 INFO:Diferencia en CMDC.H._PLATANAL - timestamp: 2025-06-01 07:39:00+00:00, columna: EPAS02_MU01.P, Django: 25.77092, SQLServer: 25.7709
2025-07-03 07:27:21,112 INFO:Diferencia en CMDC.H._PLATANAL - timestamp: 2025-06-01 07:39:00+00:00, columna: EPAS01TIT51114.PV, Django: 51.666666666666664, SQLServer: 51.6667
2025-07-03 07:27:21,113 INFO:Diferencia en CMDC.H._PLATANAL - timestamp: 2025-06-01 07:39:00+00:00, columna: EPAS05ZIT1113.PV, Django: 1.122107, SQLServer: 1.12211
2025-07-03 07:27:21,113 INFO:Diferencia en CMDC.H._PLATANAL - timestamp: 2025-06-01 07:39:00+00:00, columna: EPAS02JIT2221.PV, Django: 25.11805, SQLServer: 25.1181
2025-07-03 07:27:21,113 INFO:Diferencia en CMDC.H._PLATANAL - timestamp: 2025-06-01 07:39:00+00:00, columna: EPAS01_MU01.URS, Django: 13.80305, SQLServer: 13.8031
2025-07-03 07:27:21,114 INFO:Diferencia en CMDC.H._PLATANAL - timestamp: 2025-06-01 07:39:00+00:00, columna: EPAS01PIT3021.PV, Django: 122.5463, SQLServer: 122.546
2025-07-03 07:27:21,114 INFO:Diferencia en CMDC.H._PLATANAL - timestamp: 2025-06-01 07:39:00+00:00, columna: EPAS01JIT2221.PV, Django: 110.4869, SQLServer: 110.487
2025-07-03 07:27:21,114 INFO:Diferencia en CMDC.H._PLATANAL - timestamp: 2025-06-01 07:39:00+00:00, columna: EPAS02_MU01.URS, Django: 13.81939, SQLServer: 13.8194
2025-07-03 07:27:21,114 INFO:Diferencia en CMDC.H._PLATANAL - timestamp: 2025-06-01 07:39:00+00:00, columna: EPAS02FIT5111.PV, Django: 375.2315, SQLServer: 375.231
2025-07-03 07:27:21,115 INFO:Diferencia en CMDC.H._PLATANAL - timestamp: 2025-06-01 07:39:00+00:00, columna: EPAS05ZIT1111.PV, Django: -6.519409, SQLServer: -6.51941
2025-07-03 07:27:21,116 INFO:Diferencia en CMDC.H._PLATANAL - timestamp: 2025-06-01 07:39:00+00:00, columna: EPAS02LIT5331.PV, Django: 899.9281, SQLServer: 899.928
2025-07-03 07:27:21,116 INFO:Diferencia en CMDC.H._PLATANAL - timestamp: 2025-06-01 07:39:00+00:00, columna: EPAS01TIT51124.PV, Django: 35.57142857142857, SQLServer: 35.5714
2025-07-03 07:27:21,117 INFO:Diferencia en CMDC.H._PLATANAL - timestamp: 2025-06-01 07:39:00+00:00, columna: EPAS01TIT5133.PV, Django: 57.833333333333336, SQLServer: 57.8333
2025-07-03 07:27:21,117 INFO:Diferencia en CMDC.H._PLATANAL - timestamp: 2025-06-01 07:39:00+00:00, columna: EPAS02_MU01.Q, Django: -7.276497, SQLServer: -7.2765
2025-07-03 07:27:21,117 INFO:Diferencia en CMDC.H._PLATANAL - timestamp: 2025-06-01 07:39:00+00:00, columna: 00666, Django: 25.19775, SQLServer: 25.1977
2025-07-03 07:27:21,118 INFO:Diferencia en CMDC.H._PLATANAL - timestamp: 2025-06-01 07:39:00+00:00, columna: EPAS04LT1011.PV, Django: 890.7211, SQLServer: 890.721
2025-07-03 07:27:21,118 INFO:Diferencia en CMDC.H._PLATANAL - timestamp: 2025-06-01 07:39:00+00:00, columna: EPAS05AIT1232.PV, Django: 0.01715595, SQLServer: 0.017156
2025-07-03 07:27:21,119 INFO:Diferencia en CMDC.H._PLATANAL - timestamp: 2025-06-01 07:39:00+00:00, columna: EPAS01TIT51112.PV, Django: 52.666666666666664, SQLServer: 52.6667
2025-07-03 07:27:21,119 INFO:Diferencia en CMDC.H._PLATANAL - timestamp: 2025-06-01 07:39:00+00:00, columna: EPAS01LIT5331.PV, Django: 900.0649, SQLServer: 900.065
2025-07-03 07:27:21,119 INFO:Diferencia en CMDC.H._PLATANAL - timestamp: 2025-06-01 07:39:00+00:00, columna: EPAS01_MU01.P, Django: 111.1756, SQLServer: 111.176
2025-07-03 07:27:21,119 INFO:Diferencia en CMDC.H._PLATANAL - timestamp: 2025-06-01 07:39:00+00:00, columna: EPAS01LIT5241.PV, Django: 904.6735, SQLServer: 904.673
2025-07-03 07:27:21,120 INFO:Diferencia en CMDC.H._PLATANAL - timestamp: 2025-06-01 07:39:00+00:00, columna: EPAS02LIT5241.PV, Django: 904.6773000000001, SQLServer: 904.677
2025-07-03 07:27:21,120 INFO:Diferencia en CMDC.H._PLATANAL - timestamp: 2025-06-01 07:39:00+00:00, columna: EPAS05AIT1231.PV, Django: 0.009843026, SQLServer: 0.00984303
2025-07-03 07:27:21,120 INFO:Diferencia en CMDC.H._PLATANAL - timestamp: 2025-06-01 07:39:00+00:00, columna: EPAS02TIT3021.PV, Django: 41.570660000000004, SQLServer: 41.5707
2025-07-03 07:27:21,120 INFO:Diferencia en CMDC.H._PLATANAL - timestamp: 2025-06-01 07:39:00+00:00, columna: EPAS01TIT51111.PV, Django: 52.42857142857143, SQLServer: 52.4286
2025-07-03 07:27:21,121 INFO:Diferencia en CMDC.H._PLATANAL - timestamp: 2025-06-01 07:39:00+00:00, columna: EPAS07LIT1031.PV, Django: 4244.867, SQLServer: 4244.87
2025-07-03 07:27:21,121 INFO:Diferencia en CMDC.H._PLATANAL - timestamp: 2025-06-01 07:39:00+00:00, columna: EPAS01TIT3021.PV, Django: 36.109030000000004, SQLServer: 36.109
2025-07-03 07:27:21,122 INFO:Diferencia en CMDC.H._PLATANAL - timestamp: 2025-06-01 07:39:00+00:00, columna: EPAS01_MU01.Q, Django: -3.785353, SQLServer: -3.78535
2025-07-03 07:27:21,122 INFO:Diferencia en CMDC.H._PLATANAL - timestamp: 2025-06-01 07:40:00+00:00, columna: EPAS01TIT3021.PV, Django: 36.13733, SQLServer: 36.1373
2025-07-03 07:27:21,124 INFO:Diferencia en CMDC.H._PLATANAL - timestamp: 2025-06-01 07:40:00+00:00, columna: EPAS02FIT5111.PV, Django: 375.9259, SQLServer: 375.926
2025-07-03 07:27:21,124 INFO:Diferencia en CMDC.H._PLATANAL - timestamp: 2025-06-01 07:40:00+00:00, columna: EPAS01TIT51210.PV, Django: 75.33333333333333, SQLServer: 75.3333
2025-07-03 07:27:21,124 INFO:Diferencia en CMDC.H._PLATANAL - timestamp: 2025-06-01 07:40:00+00:00, columna: EPAS02LIT5241.PV, Django: 904.6767, SQLServer: 904.677
2025-07-03 07:27:21,125 INFO:Diferencia en CMDC.H._PLATANAL - timestamp: 2025-06-01 07:40:00+00:00, columna: EPAS05ZIT1111.PV, Django: -6.519409, SQLServer: -6.51941
2025-07-03 07:27:21,125 INFO:Diferencia en CMDC.H._PLATANAL - timestamp: 2025-06-01 07:40:00+00:00, columna: EPAS05LIT1131.PV, Django: 1535.146, SQLServer: 1535.15
2025-07-03 07:27:21,125 INFO:Diferencia en CMDC.H._PLATANAL - timestamp: 2025-06-01 07:40:00+00:00, columna: EPAS01TIT5132.PV, Django: 58.166666666666664, SQLServer: 58.1667
2025-07-03 07:27:21,125 INFO:Diferencia en CMDC.H._PLATANAL - timestamp: 2025-06-01 07:40:00+00:00, columna: EPAS02LIT5331.PV, Django: 899.9307, SQLServer: 899.931
2025-07-03 07:27:21,126 INFO:Diferencia en CMDC.H._PLATANAL - timestamp: 2025-06-01 07:40:00+00:00, columna: EPAS01TIT51124.PV, Django: 35.642857142857146, SQLServer: 35.6429
2025-07-03 07:27:21,126 INFO:Diferencia en CMDC.H._PLATANAL - timestamp: 2025-06-01 07:40:00+00:00, columna: EPAS01TIT51122.PV, Django: 34.333333333333336, SQLServer: 34.3333
2025-07-03 07:27:21,126 INFO:Diferencia en CMDC.H._PLATANAL - timestamp: 2025-06-01 07:40:00+00:00, columna: EPAS02_MU01.Q, Django: -6.594325, SQLServer: -6.59433
2025-07-03 07:27:21,126 INFO:Diferencia en CMDC.H._PLATANAL - timestamp: 2025-06-01 07:40:00+00:00, columna: EPAS05ZIT1112.PV, Django: -6.103516e-05, SQLServer: -6.10352e-05
2025-07-03 07:27:21,127 INFO:Diferencia en CMDC.H._PLATANAL - timestamp: 2025-06-01 07:40:00+00:00, columna: EPAS01TIT51219.PV, Django: 74.33333333333333, SQLServer: 74.3333
2025-07-03 07:27:21,127 INFO:Diferencia en CMDC.H._PLATANAL - timestamp: 2025-06-01 07:40:00+00:00, columna: EPAS04LT1011.PV, Django: 890.7407, SQLServer: 890.741
2025-07-03 07:27:21,127 INFO:Diferencia en CMDC.H._PLATANAL - timestamp: 2025-06-01 07:40:00+00:00, columna: EPAS05AIT1232.PV, Django: 0.01665676, SQLServer: 0.0166568
2025-07-03 07:27:21,128 INFO:Diferencia en CMDC.H._PLATANAL - timestamp: 2025-06-01 07:40:00+00:00, columna: 00666, Django: 26.176045000000002, SQLServer: 26.176
2025-07-03 07:27:21,128 INFO:Diferencia en CMDC.H._PLATANAL - timestamp: 2025-06-01 07:40:00+00:00, columna: EPAS01TIT51112.PV, Django: 52.833333333333336, SQLServer: 52.8333
2025-07-03 07:27:21,128 INFO:Diferencia en CMDC.H._PLATANAL - timestamp: 2025-06-01 07:40:00+00:00, columna: EPAS01LIT5331.PV, Django: 900.0688, SQLServer: 900.069
2025-07-03 07:27:21,128 INFO:Diferencia en CMDC.H._PLATANAL - timestamp: 2025-06-01 07:40:00+00:00, columna: EPAS01LIT5241.PV, Django: 904.6728, SQLServer: 904.673
2025-07-03 07:27:21,129 INFO:Diferencia en CMDC.H._PLATANAL - timestamp: 2025-06-01 07:40:00+00:00, columna: EPAS01TIT51111.PV, Django: 52.57142857142857, SQLServer: 52.5714
2025-07-03 07:27:21,129 INFO:Diferencia en CMDC.H._PLATANAL - timestamp: 2025-06-01 07:40:00+00:00, columna: EPAS01TIT5127.PV, Django: 72.66666666666667, SQLServer: 72.6667
2025-07-03 07:27:21,130 INFO:Diferencia en CMDC.H._PLATANAL - timestamp: 2025-06-01 07:40:00+00:00, columna: EPAS01TIT51115.PV, Django: 52.666666666666664, SQLServer: 52.6667
2025-07-03 07:27:21,130 INFO:Diferencia en CMDC.H._PLATANAL - timestamp: 2025-06-01 07:40:00+00:00, columna: EPAS02FIT2132.PV, Django: 4.355343, SQLServer: 4.35534
2025-07-03 07:27:21,130 INFO:Diferencia en CMDC.H._PLATANAL - timestamp: 2025-06-01 07:40:00+00:00, columna: EPAS01FIT5111.PV, Django: 409.4907, SQLServer: 409.491
2025-07-03 07:27:21,130 INFO:Diferencia en CMDC.H._PLATANAL - timestamp: 2025-06-01 07:40:00+00:00, columna: EPAS01_MU01.Q, Django: -3.654069, SQLServer: -3.65407
2025-07-03 07:27:21,131 INFO:Diferencia en CMDC.H._PLATANAL - timestamp: 2025-06-01 07:40:00+00:00, columna: EPAS02PIT3021.PV, Django: 120.0926, SQLServer: 120.093
2025-07-03 07:27:21,132 INFO:Diferencia en CMDC.H._PLATANAL - timestamp: 2025-06-01 07:40:00+00:00, columna: EPAS01TIT1111.PV, Django: 50.849999999999994, SQLServer: 50.85
2025-07-03 07:27:21,132 INFO:Diferencia en CMDC.H._PLATANAL - timestamp: 2025-06-01 07:40:00+00:00, columna: EPAS02_MU01.P, Django: 25.50564, SQLServer: 25.5056
2025-07-03 07:27:21,132 INFO:Diferencia en CMDC.H._PLATANAL - timestamp: 2025-06-01 07:40:00+00:00, columna: EPAS01TIT51114.PV, Django: 51.833333333333336, SQLServer: 51.8333
2025-07-03 07:27:21,133 INFO:Diferencia en CMDC.H._PLATANAL - timestamp: 2025-06-01 07:40:00+00:00, columna: EPAS05ZIT1113.PV, Django: 1.122107, SQLServer: 1.12211
2025-07-03 07:27:21,133 INFO:Diferencia en CMDC.H._PLATANAL - timestamp: 2025-06-01 07:40:00+00:00, columna: EPAS02JIT2221.PV, Django: 25.00692, SQLServer: 25.0069
2025-07-03 07:27:21,133 INFO:Diferencia en CMDC.H._PLATANAL - timestamp: 2025-06-01 07:40:00+00:00, columna: EPAS01_MU01.URS, Django: 13.80045, SQLServer: 13.8005
2025-07-03 07:27:21,133 INFO:Diferencia en CMDC.H._PLATANAL - timestamp: 2025-06-01 07:40:00+00:00, columna: EPAS07LIT1031.PV, Django: 4244.867, SQLServer: 4244.87
2025-07-03 07:27:21,134 INFO:Diferencia en CMDC.H._PLATANAL - timestamp: 2025-06-01 07:40:00+00:00, columna: EPAS01PIT3021.PV, Django: 121.7593, SQLServer: 121.759
2025-07-03 07:27:21,134 INFO:Diferencia en CMDC.H._PLATANAL - timestamp: 2025-06-01 07:40:00+00:00, columna: EPAS02TIT3021.PV, Django: 41.51406, SQLServer: 41.5141
2025-07-03 07:27:21,134 INFO:Diferencia en CMDC.H._PLATANAL - timestamp: 2025-06-01 07:40:00+00:00, columna: EPAS01JIT2221.PV, Django: 110.1279, SQLServer: 110.128
2025-07-03 07:27:21,135 INFO:Diferencia en CMDC.H._PLATANAL - timestamp: 2025-06-01 07:40:00+00:00, columna: EPAS02_MU01.URS, Django: 13.80135, SQLServer: 13.8013
2025-07-03 07:27:21,136 INFO:Diferencia en CMDC.H._PLATANAL - timestamp: 2025-06-01 07:41:00+00:00, columna: EPAS01TIT51122.PV, Django: 34.46666666666667, SQLServer: 34.4667
2025-07-03 07:27:21,136 INFO:Diferencia en CMDC.H._PLATANAL - timestamp: 2025-06-01 07:41:00+00:00, columna: EPAS02_MU01.Q, Django: -7.807074, SQLServer: -7.80707
2025-07-03 07:27:21,136 INFO:Diferencia en CMDC.H._PLATANAL - timestamp: 2025-06-01 07:41:00+00:00, columna: EPAS05ZIT1112.PV, Django: -6.103516e-05, SQLServer: -6.10352e-05
2025-07-03 07:27:21,136 INFO:Diferencia en CMDC.H._PLATANAL - timestamp: 2025-06-01 07:41:00+00:00, columna: EPAS01TIT51219.PV, Django: 74.66666666666667, SQLServer: 74.6667
2025-07-03 07:27:21,136 INFO:Diferencia en CMDC.H._PLATANAL - timestamp: 2025-06-01 07:41:00+00:00, columna: EPAS04LT1011.PV, Django: 890.7289, SQLServer: 890.729
2025-07-03 07:27:21,137 INFO:Diferencia en CMDC.H._PLATANAL - timestamp: 2025-06-01 07:41:00+00:00, columna: EPAS05AIT1232.PV, Django: 0.01683743, SQLServer: 0.0168374
2025-07-03 07:27:21,137 INFO:Diferencia en CMDC.H._PLATANAL - timestamp: 2025-06-01 07:41:00+00:00, columna: EPAS01LIT5331.PV, Django: 900.0654, SQLServer: 900.065
2025-07-03 07:27:21,137 INFO:Diferencia en CMDC.H._PLATANAL - timestamp: 2025-06-01 07:41:00+00:00, columna: EPAS01_MU01.P, Django: 110.5629, SQLServer: 110.563
2025-07-03 07:27:21,138 INFO:Diferencia en CMDC.H._PLATANAL - timestamp: 2025-06-01 07:41:00+00:00, columna: EPAS05AIT1231.PV, Django: 0.009509138, SQLServer: 0.00950914
2025-07-03 07:27:21,138 INFO:Diferencia en CMDC.H._PLATANAL - timestamp: 2025-06-01 07:41:00+00:00, columna: EPAS01TIT51111.PV, Django: 52.714285714285715, SQLServer: 52.7143
2025-07-03 07:27:21,139 INFO:Diferencia en CMDC.H._PLATANAL - timestamp: 2025-06-01 07:41:00+00:00, columna: EPAS01TIT5127.PV, Django: 73.33333333333333, SQLServer: 73.3333
2025-07-03 07:27:21,139 INFO:Diferencia en CMDC.H._PLATANAL - timestamp: 2025-06-01 07:41:00+00:00, columna: EPAS01TIT51115.PV, Django: 52.833333333333336, SQLServer: 52.8333
2025-07-03 07:27:21,139 INFO:Diferencia en CMDC.H._PLATANAL - timestamp: 2025-06-01 07:41:00+00:00, columna: EPAS02TIT1111.PV, Django: 46.650000000000006, SQLServer: 46.65
2025-07-03 07:27:21,139 INFO:Diferencia en CMDC.H._PLATANAL - timestamp: 2025-06-01 07:41:00+00:00, columna: EPAS02FIT2132.PV, Django: 4.702941, SQLServer: 4.70294
2025-07-03 07:27:21,140 INFO:Diferencia en CMDC.H._PLATANAL - timestamp: 2025-06-01 07:41:00+00:00, columna: EPAS01FIT5111.PV, Django: 409.2593, SQLServer: 409.259
2025-07-03 07:27:21,140 INFO:Diferencia en CMDC.H._PLATANAL - timestamp: 2025-06-01 07:41:00+00:00, columna: EPAS01_MU01.Q, Django: -2.953888, SQLServer: -2.95389
2025-07-03 07:27:21,140 INFO:Diferencia en CMDC.H._PLATANAL - timestamp: 2025-06-01 07:41:00+00:00, columna: 00666, Django: 27.15434, SQLServer: 27.1543
2025-07-03 07:27:21,141 INFO:Diferencia en CMDC.H._PLATANAL - timestamp: 2025-06-01 07:41:00+00:00, columna: EPAS02PIT3021.PV, Django: 120.1852, SQLServer: 120.185
2025-07-03 07:27:21,141 INFO:Diferencia en CMDC.H._PLATANAL - timestamp: 2025-06-01 07:41:00+00:00, columna: EPAS02_MU01.P, Django: 27.55215, SQLServer: 27.5522
2025-07-03 07:27:21,141 INFO:Diferencia en CMDC.H._PLATANAL - timestamp: 2025-06-01 07:41:00+00:00, columna: EPAS05ZIT1113.PV, Django: 1.122107, SQLServer: 1.12211
2025-07-03 07:27:21,142 INFO:Diferencia en CMDC.H._PLATANAL - timestamp: 2025-06-01 07:41:00+00:00, columna: EPAS02JIT2221.PV, Django: 26.78711, SQLServer: 26.7871
2025-07-03 07:27:21,142 INFO:Diferencia en CMDC.H._PLATANAL - timestamp: 2025-06-01 07:41:00+00:00, columna: EPAS07LIT1031.PV, Django: 4244.867, SQLServer: 4244.87
2025-07-03 07:27:21,142 INFO:Diferencia en CMDC.H._PLATANAL - timestamp: 2025-06-01 07:41:00+00:00, columna: EPAS01_MU01.URS, Django: 13.81868, SQLServer: 13.8187
2025-07-03 07:27:21,142 INFO:Diferencia en CMDC.H._PLATANAL - timestamp: 2025-06-01 07:41:00+00:00, columna: EPAS05LIT1131.PV, Django: 1535.153, SQLServer: 1535.15
2025-07-03 07:27:21,143 INFO:Diferencia en CMDC.H._PLATANAL - timestamp: 2025-06-01 07:41:00+00:00, columna: EPAS01PIT3021.PV, Django: 122.2222, SQLServer: 122.222
2025-07-03 07:27:21,143 INFO:Diferencia en CMDC.H._PLATANAL - timestamp: 2025-06-01 07:41:00+00:00, columna: EPAS02TIT3021.PV, Django: 41.62726, SQLServer: 41.6273
2025-07-03 07:27:21,143 INFO:Diferencia en CMDC.H._PLATANAL - timestamp: 2025-06-01 07:41:00+00:00, columna: EPAS01JIT2221.PV, Django: 110.1169, SQLServer: 110.117
2025-07-03 07:27:21,143 INFO:Diferencia en CMDC.H._PLATANAL - timestamp: 2025-06-01 07:41:00+00:00, columna: EPAS02_MU01.URS, Django: 13.81488, SQLServer: 13.8149
2025-07-03 07:27:21,144 INFO:Diferencia en CMDC.H._PLATANAL - timestamp: 2025-06-01 07:41:00+00:00, columna: EPAS01TIT3021.PV, Django: 36.25052, SQLServer: 36.2505
2025-07-03 07:27:21,144 INFO:Diferencia en CMDC.H._PLATANAL - timestamp: 2025-06-01 07:41:00+00:00, columna: EPAS02FIT5111.PV, Django: 376.3889, SQLServer: 376.389
2025-07-03 07:27:21,144 INFO:Diferencia en CMDC.H._PLATANAL - timestamp: 2025-06-01 07:41:00+00:00, columna: EPAS01TIT51210.PV, Django: 75.66666666666667, SQLServer: 75.6667
2025-07-03 07:27:21,145 INFO:Diferencia en CMDC.H._PLATANAL - timestamp: 2025-06-01 07:41:00+00:00, columna: EPAS02LIT5241.PV, Django: 904.6768, SQLServer: 904.677
2025-07-03 07:27:21,145 INFO:Diferencia en CMDC.H._PLATANAL - timestamp: 2025-06-01 07:41:00+00:00, columna: EPAS05ZIT1111.PV, Django: -6.519409, SQLServer: -6.51941
2025-07-03 07:27:21,147 INFO:Diferencia en CMDC.H._PLATANAL - timestamp: 2025-06-01 07:41:00+00:00, columna: EPAS01TIT5132.PV, Django: 58.333333333333336, SQLServer: 58.3333
2025-07-03 07:27:21,147 INFO:Diferencia en CMDC.H._PLATANAL - timestamp: 2025-06-01 07:41:00+00:00, columna: EPAS02LIT5331.PV, Django: 899.9309, SQLServer: 899.931
2025-07-03 07:27:21,147 INFO:Diferencia en CMDC.H._PLATANAL - timestamp: 2025-06-01 07:41:00+00:00, columna: EPAS01TIT51124.PV, Django: 35.714285714285715, SQLServer: 35.7143
2025-07-03 07:27:21,148 INFO:Diferencia en CMDC.H._PLATANAL - timestamp: 2025-06-01 07:42:00+00:00, columna: EPAS01PIT3021.PV, Django: 122.2685, SQLServer: 122.269
2025-07-03 07:27:21,148 INFO:Diferencia en CMDC.H._PLATANAL - timestamp: 2025-06-01 07:42:00+00:00, columna: EPAS02FIT2132.PV, Django: 4.759777, SQLServer: 4.75978
2025-07-03 07:27:21,148 INFO:Diferencia en CMDC.H._PLATANAL - timestamp: 2025-06-01 07:42:00+00:00, columna: EPAS01FIT5111.PV, Django: 408.5648, SQLServer: 408.565
2025-07-03 07:27:21,148 INFO:Diferencia en CMDC.H._PLATANAL - timestamp: 2025-06-01 07:42:00+00:00, columna: EPAS01_MU01.Q, Django: -3.041411, SQLServer: -3.04141
2025-07-03 07:27:21,148 INFO:Diferencia en CMDC.H._PLATANAL - timestamp: 2025-06-01 07:42:00+00:00, columna: 00666, Django: 27.55599, SQLServer: 27.556
2025-07-03 07:27:21,149 INFO:Diferencia en CMDC.H._PLATANAL - timestamp: 2025-06-01 07:42:00+00:00, columna: EPAS02PIT3021.PV, Django: 120.0926, SQLServer: 120.093
2025-07-03 07:27:21,149 INFO:Diferencia en CMDC.H._PLATANAL - timestamp: 2025-06-01 07:42:00+00:00, columna: EPAS05ZIT1113.PV, Django: 1.122107, SQLServer: 1.12211
2025-07-03 07:27:21,150 INFO:Diferencia en CMDC.H._PLATANAL - timestamp: 2025-06-01 07:42:00+00:00, columna: EPAS02JIT2221.PV, Django: 27.28933, SQLServer: 27.2893
2025-07-03 07:27:21,150 INFO:Diferencia en CMDC.H._PLATANAL - timestamp: 2025-06-01 07:42:00+00:00, columna: EPAS07LIT1031.PV, Django: 4244.867, SQLServer: 4244.87
2025-07-03 07:27:21,150 INFO:Diferencia en CMDC.H._PLATANAL - timestamp: 2025-06-01 07:42:00+00:00, columna: EPAS01_MU01.URS, Django: 13.80045, SQLServer: 13.8005
2025-07-03 07:27:21,150 INFO:Diferencia en CMDC.H._PLATANAL - timestamp: 2025-06-01 07:42:00+00:00, columna: EPAS02_MU01.URS, Django: 13.80586, SQLServer: 13.8059
2025-07-03 07:27:21,151 INFO:Diferencia en CMDC.H._PLATANAL - timestamp: 2025-06-01 07:42:00+00:00, columna: EPAS02TIT3021.PV, Django: 41.62726, SQLServer: 41.6273
2025-07-03 07:27:21,151 INFO:Diferencia en CMDC.H._PLATANAL - timestamp: 2025-06-01 07:42:00+00:00, columna: EPAS01JIT2221.PV, Django: 110.7613, SQLServer: 110.761
2025-07-03 07:27:21,152 INFO:Diferencia en CMDC.H._PLATANAL - timestamp: 2025-06-01 07:42:00+00:00, columna: EPAS01TIT3021.PV, Django: 36.27882, SQLServer: 36.2788
2025-07-03 07:27:21,153 INFO:Diferencia en CMDC.H._PLATANAL - timestamp: 2025-06-01 07:42:00+00:00, columna: EPAS02LIT5241.PV, Django: 904.6744, SQLServer: 904.674
2025-07-03 07:27:21,154 INFO:Diferencia en CMDC.H._PLATANAL - timestamp: 2025-06-01 07:42:00+00:00, columna: EPAS05ZIT1111.PV, Django: -6.519409, SQLServer: -6.51941
2025-07-03 07:27:21,154 INFO:Diferencia en CMDC.H._PLATANAL - timestamp: 2025-06-01 07:42:00+00:00, columna: EPAS02_MU01.P, Django: 28.23432, SQLServer: 28.2343
2025-07-03 07:27:21,154 INFO:Diferencia en CMDC.H._PLATANAL - timestamp: 2025-06-01 07:42:00+00:00, columna: EPAS01TIT5126.PV, Django: 76.33333333333333, SQLServer: 76.3333
2025-07-03 07:27:21,155 INFO:Diferencia en CMDC.H._PLATANAL - timestamp: 2025-06-01 07:42:00+00:00, columna: EPAS02FIT5111.PV, Django: 377.08335, SQLServer: 377.083
2025-07-03 07:27:21,155 INFO:Diferencia en CMDC.H._PLATANAL - timestamp: 2025-06-01 07:42:00+00:00, columna: EPAS02LIT5331.PV, Django: 899.9254, SQLServer: 899.925
2025-07-03 07:27:21,155 INFO:Diferencia en CMDC.H._PLATANAL - timestamp: 2025-06-01 07:42:00+00:00, columna: EPAS01TIT51124.PV, Django: 35.785714285714285, SQLServer: 35.7857
2025-07-03 07:27:21,155 INFO:Diferencia en CMDC.H._PLATANAL - timestamp: 2025-06-01 07:42:00+00:00, columna: EPAS02_MU01.Q, Django: -6.366934, SQLServer: -6.36693
2025-07-03 07:27:21,155 INFO:Diferencia en CMDC.H._PLATANAL - timestamp: 2025-06-01 07:42:00+00:00, columna: EPAS05ZIT1112.PV, Django: -6.103516e-05, SQLServer: -6.10352e-05
2025-07-03 07:27:21,156 INFO:Diferencia en CMDC.H._PLATANAL - timestamp: 2025-06-01 07:42:00+00:00, columna: EPAS04LT1011.PV, Django: 890.7388, SQLServer: 890.739
2025-07-03 07:27:21,157 INFO:Diferencia en CMDC.H._PLATANAL - timestamp: 2025-06-01 07:42:00+00:00, columna: EPAS01_MU01.P, Django: 111.4382, SQLServer: 111.438
2025-07-03 07:27:21,157 INFO:Diferencia en CMDC.H._PLATANAL - timestamp: 2025-06-01 07:42:00+00:00, columna: EPAS05AIT1232.PV, Django: 0.01603118, SQLServer: 0.0160312
2025-07-03 07:27:21,157 INFO:Diferencia en CMDC.H._PLATANAL - timestamp: 2025-06-01 07:42:00+00:00, columna: EPAS01LIT5331.PV, Django: 900.0665, SQLServer: 900.067
2025-07-03 07:27:21,157 INFO:Diferencia en CMDC.H._PLATANAL - timestamp: 2025-06-01 07:42:00+00:00, columna: EPAS01LIT5241.PV, Django: 904.6754, SQLServer: 904.675
2025-07-03 07:27:21,158 INFO:Diferencia en CMDC.H._PLATANAL - timestamp: 2025-06-01 07:42:00+00:00, columna: EPAS05AIT1231.PV, Django: 0.009218805, SQLServer: 0.00921881
2025-07-03 07:27:21,158 INFO:Diferencia en CMDC.H._PLATANAL - timestamp: 2025-06-01 07:42:00+00:00, columna: EPAS01TIT51111.PV, Django: 52.857142857142854, SQLServer: 52.8571
2025-07-03 07:27:21,158 INFO:Diferencia en CMDC.H._PLATANAL - timestamp: 2025-06-01 07:43:00+00:00, columna: EPAS05ZIT1113.PV, Django: 1.122107, SQLServer: 1.12211
2025-07-03 07:27:21,158 INFO:Diferencia en CMDC.H._PLATANAL - timestamp: 2025-06-01 07:43:00+00:00, columna: EPAS02JIT2221.PV, Django: 28.50154, SQLServer: 28.5015
2025-07-03 07:27:21,159 INFO:Diferencia en CMDC.H._PLATANAL - timestamp: 2025-06-01 07:43:00+00:00, columna: EPAS02TIT1111.PV, Django: 46.56666666666667, SQLServer: 46.5667
2025-07-03 07:27:21,159 INFO:Diferencia en CMDC.H._PLATANAL - timestamp: 2025-06-01 07:43:00+00:00, columna: EPAS01_MU01.URS, Django: 13.81868, SQLServer: 13.8187
2025-07-03 07:27:21,159 INFO:Diferencia en CMDC.H._PLATANAL - timestamp: 2025-06-01 07:43:00+00:00, columna: EPAS02_MU01.URS, Django: 13.81488, SQLServer: 13.8149
2025-07-03 07:27:21,159 INFO:Diferencia en CMDC.H._PLATANAL - timestamp: 2025-06-01 07:43:00+00:00, columna: 00666, Django: 27.95764, SQLServer: 27.9576
2025-07-03 07:27:21,160 INFO:Diferencia en CMDC.H._PLATANAL - timestamp: 2025-06-01 07:43:00+00:00, columna: EPAS02TIT3021.PV, Django: 41.59896, SQLServer: 41.599
2025-07-03 07:27:21,160 INFO:Diferencia en CMDC.H._PLATANAL - timestamp: 2025-06-01 07:43:00+00:00, columna: EPAS01JIT2221.PV, Django: 111.3264, SQLServer: 111.326
2025-07-03 07:27:21,160 INFO:Diferencia en CMDC.H._PLATANAL - timestamp: 2025-06-01 07:43:00+00:00, columna: EPAS01TIT3021.PV, Django: 36.36372, SQLServer: 36.3637
2025-07-03 07:27:21,161 INFO:Diferencia en CMDC.H._PLATANAL - timestamp: 2025-06-01 07:43:00+00:00, columna: EPAS02_MU01.P, Django: 28.91649, SQLServer: 28.9165
2025-07-03 07:27:21,161 INFO:Diferencia en CMDC.H._PLATANAL - timestamp: 2025-06-01 07:43:00+00:00, columna: EPAS02LIT5241.PV, Django: 904.6772, SQLServer: 904.677
2025-07-03 07:27:21,161 INFO:Diferencia en CMDC.H._PLATANAL - timestamp: 2025-06-01 07:43:00+00:00, columna: EPAS05ZIT1111.PV, Django: -6.519409, SQLServer: -6.51941
2025-07-03 07:27:21,162 INFO:Diferencia en CMDC.H._PLATANAL - timestamp: 2025-06-01 07:43:00+00:00, columna: EPAS01TIT5126.PV, Django: 76.66666666666667, SQLServer: 76.6667
2025-07-03 07:27:21,162 INFO:Diferencia en CMDC.H._PLATANAL - timestamp: 2025-06-01 07:43:00+00:00, columna: EPAS01TIT5132.PV, Django: 58.666666666666664, SQLServer: 58.6667
2025-07-03 07:27:21,162 INFO:Diferencia en CMDC.H._PLATANAL - timestamp: 2025-06-01 07:43:00+00:00, columna: EPAS02LIT5331.PV, Django: 899.9309, SQLServer: 899.931
2025-07-03 07:27:21,162 INFO:Diferencia en CMDC.H._PLATANAL - timestamp: 2025-06-01 07:43:00+00:00, columna: EPAS01PIT3021.PV, Django: 122.3148, SQLServer: 122.315
2025-07-03 07:27:21,162 INFO:Diferencia en CMDC.H._PLATANAL - timestamp: 2025-06-01 07:43:00+00:00, columna: EPAS05ZIT1112.PV, Django: -0.03857421758, SQLServer: -0.0385742
2025-07-03 07:27:21,163 INFO:Diferencia en CMDC.H._PLATANAL - timestamp: 2025-06-01 07:43:00+00:00, columna: EPAS01TIT51124.PV, Django: 35.857142857142854, SQLServer: 35.8571
2025-07-03 07:27:21,163 INFO:Diferencia en CMDC.H._PLATANAL - timestamp: 2025-06-01 07:43:00+00:00, columna: EPAS01TIT51122.PV, Django: 34.733333333333334, SQLServer: 34.7333
2025-07-03 07:27:21,163 INFO:Diferencia en CMDC.H._PLATANAL - timestamp: 2025-06-01 07:43:00+00:00, columna: EPAS02_MU01.Q, Django: -7.124903, SQLServer: -7.1249
2025-07-03 07:27:21,163 INFO:Diferencia en CMDC.H._PLATANAL - timestamp: 2025-06-01 07:43:00+00:00, columna: EPAS02FIT5111.PV, Django: 377.7778, SQLServer: 377.778
2025-07-03 07:27:21,163 INFO:Diferencia en CMDC.H._PLATANAL - timestamp: 2025-06-01 07:43:00+00:00, columna: EPAS04LT1011.PV, Django: 890.7328, SQLServer: 890.733
2025-07-03 07:27:21,164 INFO:Diferencia en CMDC.H._PLATANAL - timestamp: 2025-06-01 07:43:00+00:00, columna: EPAS01_MU01.P, Django: 111.9633, SQLServer: 111.963
2025-07-03 07:27:21,164 INFO:Diferencia en CMDC.H._PLATANAL - timestamp: 2025-06-01 07:43:00+00:00, columna: EPAS05AIT1232.PV, Django: 0.01549964, SQLServer: 0.0154996
2025-07-03 07:27:21,164 INFO:Diferencia en CMDC.H._PLATANAL - timestamp: 2025-06-01 07:43:00+00:00, columna: EPAS07LIT1031.PV, Django: 4244.867, SQLServer: 4244.87
2025-07-03 07:27:21,165 INFO:Diferencia en CMDC.H._PLATANAL - timestamp: 2025-06-01 07:43:00+00:00, columna: EPAS01LIT5241.PV, Django: 904.6811, SQLServer: 904.681
2025-07-03 07:27:21,166 INFO:Diferencia en CMDC.H._PLATANAL - timestamp: 2025-06-01 07:43:00+00:00, columna: EPAS02FIT2132.PV, Django: 4.974853, SQLServer: 4.97485
2025-07-03 07:27:21,166 INFO:Diferencia en CMDC.H._PLATANAL - timestamp: 2025-06-01 07:43:00+00:00, columna: EPAS01FIT5111.PV, Django: 408.7963, SQLServer: 408.796
2025-07-03 07:27:21,167 INFO:Diferencia en CMDC.H._PLATANAL - timestamp: 2025-06-01 07:43:00+00:00, columna: EPAS01_MU01.Q, Django: -2.800724, SQLServer: -2.80072
2025-07-03 07:27:21,167 INFO:Diferencia en CMDC.H._PLATANAL - timestamp: 2025-06-01 07:43:00+00:00, columna: EPAS01LIT5331.PV, Django: 900.06765, SQLServer: 900.068
2025-07-03 07:27:21,167 INFO:Diferencia en CMDC.H._PLATANAL - timestamp: 2025-06-01 07:43:00+00:00, columna: EPAS02PIT3021.PV, Django: 120.1852, SQLServer: 120.185
2025-07-03 07:27:21,168 INFO:Diferencia en CMDC.H._PLATANAL - timestamp: 2025-06-01 07:44:00+00:00, columna: EPAS05ZIT1111.PV, Django: -6.519409, SQLServer: -6.51941
2025-07-03 07:27:21,168 INFO:Diferencia en CMDC.H._PLATANAL - timestamp: 2025-06-01 07:44:00+00:00, columna: EPAS07LIT1031.PV, Django: 4244.867, SQLServer: 4244.87
2025-07-03 07:27:21,169 INFO:Diferencia en CMDC.H._PLATANAL - timestamp: 2025-06-01 07:44:00+00:00, columna: EPAS01TIT5132.PV, Django: 58.833333333333336, SQLServer: 58.8333
2025-07-03 07:27:21,169 INFO:Diferencia en CMDC.H._PLATANAL - timestamp: 2025-06-01 07:44:00+00:00, columna: EPAS01TIT51124.PV, Django: 35.92857142857143, SQLServer: 35.9286
2025-07-03 07:27:21,170 INFO:Diferencia en CMDC.H._PLATANAL - timestamp: 2025-06-01 07:44:00+00:00, columna: EPAS04ZT1032.PV, Django: 100.3472, SQLServer: 100.347
2025-07-03 07:27:21,170 INFO:Diferencia en CMDC.H._PLATANAL - timestamp: 2025-06-01 07:44:00+00:00, columna: EPAS01TIT51122.PV, Django: 34.86666666666667, SQLServer: 34.8667
2025-07-03 07:27:21,170 INFO:Diferencia en CMDC.H._PLATANAL - timestamp: 2025-06-01 07:44:00+00:00, columna: EPAS02_MU01.Q, Django: -5.950052, SQLServer: -5.95005
2025-07-03 07:27:21,170 INFO:Diferencia en CMDC.H._PLATANAL - timestamp: 2025-06-01 07:44:00+00:00, columna: EPAS02FIT5111.PV, Django: 375.2315, SQLServer: 375.231
2025-07-03 07:27:21,171 INFO:Diferencia en CMDC.H._PLATANAL - timestamp: 2025-06-01 07:44:00+00:00, columna: EPAS04LT1011.PV, Django: 890.7211, SQLServer: 890.721
2025-07-03 07:27:21,171 INFO:Diferencia en CMDC.H._PLATANAL - timestamp: 2025-06-01 07:44:00+00:00, columna: EPAS01_MU01.P, Django: 111.4163, SQLServer: 111.416
2025-07-03 07:27:21,172 INFO:Diferencia en CMDC.H._PLATANAL - timestamp: 2025-06-01 07:44:00+00:00, columna: EPAS05AIT1232.PV, Django: 0.01530665, SQLServer: 0.0153067
2025-07-03 07:27:21,172 INFO:Diferencia en CMDC.H._PLATANAL - timestamp: 2025-06-01 07:44:00+00:00, columna: EPAS01LIT5241.PV, Django: 904.6713, SQLServer: 904.671
2025-07-03 07:27:21,172 INFO:Diferencia en CMDC.H._PLATANAL - timestamp: 2025-06-01 07:44:00+00:00, columna: EPAS05AIT1231.PV, Django: 0.009677229, SQLServer: 0.00967723
2025-07-03 07:27:21,173 INFO:Diferencia en CMDC.H._PLATANAL - timestamp: 2025-06-01 07:44:00+00:00, columna: EPAS02FIT2132.PV, Django: 4.931676, SQLServer: 4.93168
2025-07-03 07:27:21,173 INFO:Diferencia en CMDC.H._PLATANAL - timestamp: 2025-06-01 07:44:00+00:00, columna: EPAS01_MU01.Q, Django: -2.603798, SQLServer: -2.6038
2025-07-03 07:27:21,174 INFO:Diferencia en CMDC.H._PLATANAL - timestamp: 2025-06-01 07:44:00+00:00, columna: EPAS01LIT5331.PV, Django: 900.0688, SQLServer: 900.069
2025-07-03 07:27:21,174 INFO:Diferencia en CMDC.H._PLATANAL - timestamp: 2025-06-01 07:44:00+00:00, columna: EPAS02PIT3021.PV, Django: 120.3241, SQLServer: 120.324
2025-07-03 07:27:21,175 INFO:Diferencia en CMDC.H._PLATANAL - timestamp: 2025-06-01 07:44:00+00:00, columna: EPAS04ZT1031.PV, Django: 103.0382, SQLServer: 103.038
2025-07-03 07:27:21,175 INFO:Diferencia en CMDC.H._PLATANAL - timestamp: 2025-06-01 07:44:00+00:00, columna: EPAS05ZIT1113.PV, Django: 1.122107, SQLServer: 1.12211
2025-07-03 07:27:21,177 INFO:Diferencia en CMDC.H._PLATANAL - timestamp: 2025-06-01 07:44:00+00:00, columna: EPAS01PIT3021.PV, Django: 122.4074, SQLServer: 122.407
2025-07-03 07:27:21,177 INFO:Diferencia en CMDC.H._PLATANAL - timestamp: 2025-06-01 07:44:00+00:00, columna: EPAS02JIT2221.PV, Django: 28.33139, SQLServer: 28.3314
2025-07-03 07:27:21,177 INFO:Diferencia en CMDC.H._PLATANAL - timestamp: 2025-06-01 07:44:00+00:00, columna: EPAS02TIT1111.PV, Django: 46.53333333333333, SQLServer: 46.5333
2025-07-03 07:27:21,177 INFO:Diferencia en CMDC.H._PLATANAL - timestamp: 2025-06-01 07:44:00+00:00, columna: EPAS01_MU01.URS, Django: 13.80305, SQLServer: 13.8031
2025-07-03 07:27:21,177 INFO:Diferencia en CMDC.H._PLATANAL - timestamp: 2025-06-01 07:44:00+00:00, columna: EPAS01FIT5111.PV, Django: 409.1435, SQLServer: 409.144
2025-07-03 07:27:21,178 INFO:Diferencia en CMDC.H._PLATANAL - timestamp: 2025-06-01 07:44:00+00:00, columna: EPAS02_MU01.URS, Django: 13.81488, SQLServer: 13.8149
2025-07-03 07:27:21,178 INFO:Diferencia en CMDC.H._PLATANAL - timestamp: 2025-06-01 07:44:00+00:00, columna: 00666, Django: 28.61891, SQLServer: 28.6189
2025-07-03 07:27:21,178 INFO:Diferencia en CMDC.H._PLATANAL - timestamp: 2025-06-01 07:44:00+00:00, columna: EPAS02TIT3021.PV, Django: 41.51406, SQLServer: 41.5141
2025-07-03 07:27:21,178 INFO:Diferencia en CMDC.H._PLATANAL - timestamp: 2025-06-01 07:44:00+00:00, columna: EPAS01JIT2221.PV, Django: 110.8449, SQLServer: 110.845
2025-07-03 07:27:21,179 INFO:Diferencia en CMDC.H._PLATANAL - timestamp: 2025-06-01 07:44:00+00:00, columna: EPAS01TIT3021.PV, Django: 36.19392, SQLServer: 36.1939
2025-07-03 07:27:21,179 INFO:Diferencia en CMDC.H._PLATANAL - timestamp: 2025-06-01 07:44:00+00:00, columna: EPAS02LIT5331.PV, Django: 899.9311, SQLServer: 899.931
2025-07-03 07:27:21,179 INFO:Diferencia en CMDC.H._PLATANAL - timestamp: 2025-06-01 07:44:00+00:00, columna: EPAS02_MU01.P, Django: 29.06809, SQLServer: 29.0681
2025-07-03 07:27:21,179 INFO:Diferencia en CMDC.H._PLATANAL - timestamp: 2025-06-01 07:44:00+00:00, columna: EPAS02LIT5241.PV, Django: 904.6771, SQLServer: 904.677
2025-07-03 07:27:21,180 INFO:Diferencia en CMDC.H._PLATANAL - timestamp: 2025-06-01 07:45:00+00:00, columna: EPAS01_MU01.P, Django: 111.0224, SQLServer: 111.022
2025-07-03 07:27:21,180 INFO:Diferencia en CMDC.H._PLATANAL - timestamp: 2025-06-01 07:45:00+00:00, columna: EPAS01LIT5241.PV, Django: 904.6811, SQLServer: 904.681
2025-07-03 07:27:21,180 INFO:Diferencia en CMDC.H._PLATANAL - timestamp: 2025-06-01 07:45:00+00:00, columna: EPAS02LIT5331.PV, Django: 899.9313, SQLServer: 899.931
2025-07-03 07:27:21,181 INFO:Diferencia en CMDC.H._PLATANAL - timestamp: 2025-06-01 07:45:00+00:00, columna: EPAS02FIT2132.PV, Django: 4.964854, SQLServer: 4.96485
2025-07-03 07:27:21,182 INFO:Diferencia en CMDC.H._PLATANAL - timestamp: 2025-06-01 07:45:00+00:00, columna: EPAS01_MU01.Q, Django: -2.953888, SQLServer: -2.95389
2025-07-03 07:27:21,182 INFO:Diferencia en CMDC.H._PLATANAL - timestamp: 2025-06-01 07:45:00+00:00, columna: EPAS01LIT5331.PV, Django: 900.0669, SQLServer: 900.067
2025-07-03 07:27:21,182 INFO:Diferencia en CMDC.H._PLATANAL - timestamp: 2025-06-01 07:45:00+00:00, columna: EPAS07LIT1031.PV, Django: 4244.867, SQLServer: 4244.87
2025-07-03 07:27:21,182 INFO:Diferencia en CMDC.H._PLATANAL - timestamp: 2025-06-01 07:45:00+00:00, columna: EPAS02PIT3021.PV, Django: 120.3241, SQLServer: 120.324
2025-07-03 07:27:21,183 INFO:Diferencia en CMDC.H._PLATANAL - timestamp: 2025-06-01 07:45:00+00:00, columna: EPAS04ZT1031.PV, Django: 104.1667, SQLServer: 104.167
2025-07-03 07:27:21,183 INFO:Diferencia en CMDC.H._PLATANAL - timestamp: 2025-06-01 07:45:00+00:00, columna: EPAS05ZIT1113.PV, Django: 1.292824, SQLServer: 1.29282
2025-07-03 07:27:21,183 INFO:Diferencia en CMDC.H._PLATANAL - timestamp: 2025-06-01 07:45:00+00:00, columna: EPAS02JIT2221.PV, Django: 28.59745, SQLServer: 28.5974
2025-07-03 07:27:21,183 INFO:Diferencia en CMDC.H._PLATANAL - timestamp: 2025-06-01 07:45:00+00:00, columna: EPAS01_MU01.URS, Django: 13.81868, SQLServer: 13.8187
2025-07-03 07:27:21,184 INFO:Diferencia en CMDC.H._PLATANAL - timestamp: 2025-06-01 07:45:00+00:00, columna: EPAS01FIT5111.PV, Django: 409.4907, SQLServer: 409.491
2025-07-03 07:27:21,184 INFO:Diferencia en CMDC.H._PLATANAL - timestamp: 2025-06-01 07:45:00+00:00, columna: EPAS02_MU01.URS, Django: 13.81488, SQLServer: 13.8149
2025-07-03 07:27:21,184 INFO:Diferencia en CMDC.H._PLATANAL - timestamp: 2025-06-01 07:45:00+00:00, columna: 00666, Django: 28.65658, SQLServer: 28.6566
2025-07-03 07:27:21,184 INFO:Diferencia en CMDC.H._PLATANAL - timestamp: 2025-06-01 07:45:00+00:00, columna: EPAS02TIT3021.PV, Django: 41.48576, SQLServer: 41.4858
2025-07-03 07:27:21,184 INFO:Diferencia en CMDC.H._PLATANAL - timestamp: 2025-06-01 07:45:00+00:00, columna: EPAS01JIT2221.PV, Django: 110.2137, SQLServer: 110.214
2025-07-03 07:27:21,185 INFO:Diferencia en CMDC.H._PLATANAL - timestamp: 2025-06-01 07:45:00+00:00, columna: EPAS02_MU01.P, Django: 29.33338, SQLServer: 29.3334
2025-07-03 07:27:21,185 INFO:Diferencia en CMDC.H._PLATANAL - timestamp: 2025-06-01 07:45:00+00:00, columna: EPAS02LIT5241.PV, Django: 904.6766, SQLServer: 904.677
2025-07-03 07:27:21,185 INFO:Diferencia en CMDC.H._PLATANAL - timestamp: 2025-06-01 07:45:00+00:00, columna: EPAS05ZIT1111.PV, Django: -6.519409, SQLServer: -6.51941
2025-07-03 07:27:21,186 INFO:Diferencia en CMDC.H._PLATANAL - timestamp: 2025-06-01 07:45:00+00:00, columna: EPAS04ZT1032.PV, Django: 103.8194, SQLServer: 103.819
2025-07-03 07:27:21,186 INFO:Diferencia en CMDC.H._PLATANAL - timestamp: 2025-06-01 07:45:00+00:00, columna: EPAS02_MU01.Q, Django: -7.579684, SQLServer: -7.57968
2025-07-03 07:27:21,186 INFO:Diferencia en CMDC.H._PLATANAL - timestamp: 2025-06-01 07:45:00+00:00, columna: EPAS02FIT5111.PV, Django: 377.5463, SQLServer: 377.546
